<?xml version="1.0" encoding="UTF-8" ?>
<testsuite failures="0" time="0.008" errors="3" skipped="0" tests="3" name="com.idata.mq.conection.test.Connection2MdmMessageSendServiceTest">
  <properties>
[...]
</properties>
  <testcase time="0.001" classname="com.idata.mq.conection.test.Connection2MdmMessageSendServiceTest" name="testSendDeviceMessageResultMessage">
    <error message="Failed to load ApplicationContext" type="java.lang.IllegalStateException">java.lang.IllegalStateException: Failed to load ApplicationContext
	at org.springframework.test.context.cache.DefaultCacheAwareContextLoaderDelegate.loadContext(DefaultCacheAwareContextLoaderDelegate.java:124)
	at org.springframework.test.context.support.DefaultTestContext.getApplicationContext(DefaultTestContext.java:83)
	at org.springframework.test.context.support.DependencyInjectionTestExecutionListener.injectDependencies(DependencyInjectionTestExecutionListener.java:117)
	at org.springframework.test.context.support.DependencyInjectionTestExecutionListener.prepareTestInstance(DependencyInjectionTestExecutionListener.java:83)
	at org.springframework.test.context.TestContextManager.prepareTestInstance(TestContextManager.java:230)
	at org.springframework.test.context.junit4.SpringJUnit4ClassRunner.createTest(SpringJUnit4ClassRunner.java:228)
	at org.springframework.test.context.junit4.SpringJUnit4ClassRunner$1.runReflectiveCall(SpringJUnit4ClassRunner.java:287)
	at org.junit.internal.runners.model.ReflectiveCallable.run(ReflectiveCallable.java:12)
	at org.springframework.test.context.junit4.SpringJUnit4ClassRunner.methodBlock(SpringJUnit4ClassRunner.java:289)
	at org.springframework.test.context.junit4.SpringJUnit4ClassRunner.runChild(SpringJUnit4ClassRunner.java:247)
	at org.springframework.test.context.junit4.SpringJUnit4ClassRunner.runChild(SpringJUnit4ClassRunner.java:94)
	at org.junit.runners.ParentRunner$3.run(ParentRunner.java:290)
	at org.junit.runners.ParentRunner$1.schedule(ParentRunner.java:71)
	at org.junit.runners.ParentRunner.runChildren(ParentRunner.java:288)
	at org.junit.runners.ParentRunner.access$000(ParentRunner.java:58)
	at org.junit.runners.ParentRunner$2.evaluate(ParentRunner.java:268)
	at org.springframework.test.context.junit4.statements.RunBeforeTestClassCallbacks.evaluate(RunBeforeTestClassCallbacks.java:61)
	at org.springframework.test.context.junit4.statements.RunAfterTestClassCallbacks.evaluate(RunAfterTestClassCallbacks.java:70)
	at org.junit.runners.ParentRunner.run(ParentRunner.java:363)
	at org.springframework.test.context.junit4.SpringJUnit4ClassRunner.run(SpringJUnit4ClassRunner.java:191)
	at org.apache.maven.surefire.junit4.JUnit4Provider.execute(JUnit4Provider.java:252)
	at org.apache.maven.surefire.junit4.JUnit4Provider.executeTestSet(JUnit4Provider.java:141)
	at org.apache.maven.surefire.junit4.JUnit4Provider.invoke(JUnit4Provider.java:112)
	at sun.reflect.NativeMethodAccessorImpl.invoke0(Native Method)
	at sun.reflect.NativeMethodAccessorImpl.invoke(NativeMethodAccessorImpl.java:57)
	at sun.reflect.DelegatingMethodAccessorImpl.invoke(DelegatingMethodAccessorImpl.java:43)
	at java.lang.reflect.Method.invoke(Method.java:606)
	at org.apache.maven.surefire.util.ReflectionUtils.invokeMethodWithArray(ReflectionUtils.java:189)
	at org.apache.maven.surefire.booter.ProviderFactory$ProviderProxy.invoke(ProviderFactory.java:165)
	at org.apache.maven.surefire.booter.ProviderFactory.invokeProvider(ProviderFactory.java:85)
	at org.apache.maven.surefire.booter.ForkedBooter.runSuitesInProcess(ForkedBooter.java:115)
	at org.apache.maven.surefire.booter.ForkedBooter.main(ForkedBooter.java:75)
Caused by: org.springframework.beans.factory.UnsatisfiedDependencyException: Error creating bean with name &apos;messageSendService&apos; defined in file [E:\workspace\eclipse\jee\mq-connection-server\target\classes\com\idata\mq\connection\service\Connection2MdmMessageSendServiceImpl.class]: Unsatisfied dependency expressed through constructor parameter 1; nested exception is org.springframework.beans.factory.NoUniqueBeanDefinitionException: No qualifying bean of type &apos;org.springframework.amqp.rabbit.core.RabbitTemplate&apos; available: expected single matching bean but found 2: connDirectTemplate,mdmDirectTemplate
	at org.springframework.beans.factory.support.ConstructorResolver.createArgumentArray(ConstructorResolver.java:749)
	at org.springframework.beans.factory.support.ConstructorResolver.autowireConstructor(ConstructorResolver.java:189)
	at org.springframework.beans.factory.support.AbstractAutowireCapableBeanFactory.autowireConstructor(AbstractAutowireCapableBeanFactory.java:1193)
	at org.springframework.beans.factory.support.AbstractAutowireCapableBeanFactory.createBeanInstance(AbstractAutowireCapableBeanFactory.java:1095)
	at org.springframework.beans.factory.support.AbstractAutowireCapableBeanFactory.doCreateBean(AbstractAutowireCapableBeanFactory.java:513)
	at org.springframework.beans.factory.support.AbstractAutowireCapableBeanFactory.createBean(AbstractAutowireCapableBeanFactory.java:483)
	at org.springframework.beans.factory.support.AbstractBeanFactory$1.getObject(AbstractBeanFactory.java:306)
	at org.springframework.beans.factory.support.DefaultSingletonBeanRegistry.getSingleton(DefaultSingletonBeanRegistry.java:230)
	at org.springframework.beans.factory.support.AbstractBeanFactory.doGetBean(AbstractBeanFactory.java:302)
	at org.springframework.beans.factory.support.AbstractBeanFactory.getBean(AbstractBeanFactory.java:197)
	at org.springframework.beans.factory.support.DefaultListableBeanFactory.preInstantiateSingletons(DefaultListableBeanFactory.java:761)
	at org.springframework.context.support.AbstractApplicationContext.finishBeanFactoryInitialization(AbstractApplicationContext.java:867)
	at org.springframework.context.support.AbstractApplicationContext.refresh(AbstractApplicationContext.java:543)
	at org.springframework.test.context.support.AbstractGenericContextLoader.loadContext(AbstractGenericContextLoader.java:128)
	at org.springframework.test.context.support.AbstractGenericContextLoader.loadContext(AbstractGenericContextLoader.java:60)
	at org.springframework.test.context.support.AbstractDelegatingSmartContextLoader.delegateLoading(AbstractDelegatingSmartContextLoader.java:108)
	at org.springframework.test.context.support.AbstractDelegatingSmartContextLoader.loadContext(AbstractDelegatingSmartContextLoader.java:251)
	at org.springframework.test.context.cache.DefaultCacheAwareContextLoaderDelegate.loadContextInternal(DefaultCacheAwareContextLoaderDelegate.java:98)
	at org.springframework.test.context.cache.DefaultCacheAwareContextLoaderDelegate.loadContext(DefaultCacheAwareContextLoaderDelegate.java:116)
	... 31 more
Caused by: org.springframework.beans.factory.NoUniqueBeanDefinitionException: No qualifying bean of type &apos;org.springframework.amqp.rabbit.core.RabbitTemplate&apos; available: expected single matching bean but found 2: connDirectTemplate,mdmDirectTemplate
	at org.springframework.beans.factory.config.DependencyDescriptor.resolveNotUnique(DependencyDescriptor.java:173)
	at org.springframework.beans.factory.support.DefaultListableBeanFactory.doResolveDependency(DefaultListableBeanFactory.java:1116)
	at org.springframework.beans.factory.support.DefaultListableBeanFactory.resolveDependency(DefaultListableBeanFactory.java:1066)
	at org.springframework.beans.factory.support.ConstructorResolver.resolveAutowiredArgument(ConstructorResolver.java:835)
	at org.springframework.beans.factory.support.ConstructorResolver.createArgumentArray(ConstructorResolver.java:741)
	... 49 more
</error>
    <system-out>DEBUG | (SpringJUnit4ClassRunner.java:140) - SpringJUnit4ClassRunner constructor called with [class com.idata.mq.conection.test.Connection2MdmMessageSendServiceTest]
DEBUG | (BootstrapUtils.java:95) - Instantiating CacheAwareContextLoaderDelegate from class [org.springframework.test.context.cache.DefaultCacheAwareContextLoaderDelegate]
DEBUG | (BootstrapUtils.java:78) - Instantiating BootstrapContext using constructor [public org.springframework.test.context.support.DefaultBootstrapContext(java.lang.Class,org.springframework.test.context.CacheAwareContextLoaderDelegate)]
DEBUG | (BootstrapUtils.java:131) - Instantiating TestContextBootstrapper for test class [com.idata.mq.conection.test.Connection2MdmMessageSendServiceTest] from class [org.springframework.test.context.support.DefaultTestContextBootstrapper]
DEBUG | (AbstractDelegatingSmartContextLoader.java:96) - Delegating to GenericXmlContextLoader to process context configuration [ContextConfigurationAttributes@19335a4c declaringClass = &apos;com.idata.mq.conection.test.Connection2MdmMessageSendServiceTest&apos;, classes = &apos;{}&apos;, locations = &apos;{classpath:mq-connection-test-spring-context.xml}&apos;, inheritLocations = true, initializers = &apos;{}&apos;, inheritInitializers = true, name = [null], contextLoaderClass = &apos;org.springframework.test.context.ContextLoader&apos;].
DEBUG | (ActiveProfilesUtils.java:78) - Could not find an &apos;annotation declaring class&apos; for annotation type [org.springframework.test.context.ActiveProfiles] and class [com.idata.mq.conection.test.Connection2MdmMessageSendServiceTest]
DEBUG | (AbstractTestContextBootstrapper.java:132) - @TestExecutionListeners is not present for class [com.idata.mq.conection.test.Connection2MdmMessageSendServiceTest]: using defaults.
INFO  | (AbstractTestContextBootstrapper.java:260) - Loaded default TestExecutionListener class names from location [META-INF/spring.factories]: [org.springframework.test.context.web.ServletTestExecutionListener, org.springframework.test.context.support.DirtiesContextBeforeModesTestExecutionListener, org.springframework.test.context.support.DependencyInjectionTestExecutionListener, org.springframework.test.context.support.DirtiesContextTestExecutionListener, org.springframework.test.context.transaction.TransactionalTestExecutionListener, org.springframework.test.context.jdbc.SqlScriptsTestExecutionListener]
INFO  | (AbstractTestContextBootstrapper.java:209) - Could not instantiate TestExecutionListener [org.springframework.test.context.web.ServletTestExecutionListener]. Specify custom listener classes or make the default listener classes (and their required dependencies) available. Offending class: [javax/servlet/ServletContext]
INFO  | (AbstractTestContextBootstrapper.java:187) - Using TestExecutionListeners: [org.springframework.test.context.support.DirtiesContextBeforeModesTestExecutionListener@579cdf24, org.springframework.test.context.support.DependencyInjectionTestExecutionListener@7bfde16b, org.springframework.test.context.support.DirtiesContextTestExecutionListener@58da7765, org.springframework.test.context.transaction.TransactionalTestExecutionListener@6ed4b575, org.springframework.test.context.jdbc.SqlScriptsTestExecutionListener@4ed54d2b]
DEBUG | (ProfileValueUtils.java:68) - Retrieved @ProfileValueSourceConfiguration [null] for test class [com.idata.mq.conection.test.Connection2MdmMessageSendServiceTest]
DEBUG | (ProfileValueUtils.java:80) - Retrieved ProfileValueSource type [class org.springframework.test.annotation.SystemProfileValueSource] for class [com.idata.mq.conection.test.Connection2MdmMessageSendServiceTest]
DEBUG | (ProfileValueUtils.java:68) - Retrieved @ProfileValueSourceConfiguration [null] for test class [com.idata.mq.conection.test.Connection2MdmMessageSendServiceTest]
DEBUG | (ProfileValueUtils.java:80) - Retrieved ProfileValueSource type [class org.springframework.test.annotation.SystemProfileValueSource] for class [com.idata.mq.conection.test.Connection2MdmMessageSendServiceTest]
DEBUG | (AbstractDirtiesContextTestExecutionListener.java:141) - Before test class: context [DefaultTestContext@3e62a49f testClass = Connection2MdmMessageSendServiceTest, testInstance = [null], testMethod = [null], testException = [null], mergedContextConfiguration = [MergedContextConfiguration@3e25e2b8 testClass = Connection2MdmMessageSendServiceTest, locations = &apos;{classpath:mq-connection-test-spring-context.xml}&apos;, classes = &apos;{}&apos;, contextInitializerClasses = &apos;[]&apos;, activeProfiles = &apos;{}&apos;, propertySourceLocations = &apos;{}&apos;, propertySourceProperties = &apos;{}&apos;, contextCustomizers = set[[empty]], contextLoader = &apos;org.springframework.test.context.support.DelegatingSmartContextLoader&apos;, parent = [null]]], class annotated with @DirtiesContext [false] with mode [null].
DEBUG | (ProfileValueUtils.java:68) - Retrieved @ProfileValueSourceConfiguration [null] for test class [com.idata.mq.conection.test.Connection2MdmMessageSendServiceTest]
DEBUG | (ProfileValueUtils.java:80) - Retrieved ProfileValueSource type [class org.springframework.test.annotation.SystemProfileValueSource] for class [com.idata.mq.conection.test.Connection2MdmMessageSendServiceTest]
DEBUG | (DependencyInjectionTestExecutionListener.java:81) - Performing dependency injection for test context [[DefaultTestContext@3e62a49f testClass = Connection2MdmMessageSendServiceTest, testInstance = com.idata.mq.conection.test.Connection2MdmMessageSendServiceTest@231a9d12, testMethod = [null], testException = [null], mergedContextConfiguration = [MergedContextConfiguration@3e25e2b8 testClass = Connection2MdmMessageSendServiceTest, locations = &apos;{classpath:mq-connection-test-spring-context.xml}&apos;, classes = &apos;{}&apos;, contextInitializerClasses = &apos;[]&apos;, activeProfiles = &apos;{}&apos;, propertySourceLocations = &apos;{}&apos;, propertySourceProperties = &apos;{}&apos;, contextCustomizers = set[[empty]], contextLoader = &apos;org.springframework.test.context.support.DelegatingSmartContextLoader&apos;, parent = [null]]]].
DEBUG | (AbstractDelegatingSmartContextLoader.java:106) - Delegating to GenericXmlContextLoader to load context from [MergedContextConfiguration@3e25e2b8 testClass = Connection2MdmMessageSendServiceTest, locations = &apos;{classpath:mq-connection-test-spring-context.xml}&apos;, classes = &apos;{}&apos;, contextInitializerClasses = &apos;[]&apos;, activeProfiles = &apos;{}&apos;, propertySourceLocations = &apos;{}&apos;, propertySourceProperties = &apos;{}&apos;, contextCustomizers = set[[empty]], contextLoader = &apos;org.springframework.test.context.support.DelegatingSmartContextLoader&apos;, parent = [null]].
DEBUG | (AbstractGenericContextLoader.java:109) - Loading ApplicationContext for merged context configuration [[MergedContextConfiguration@3e25e2b8 testClass = Connection2MdmMessageSendServiceTest, locations = &apos;{classpath:mq-connection-test-spring-context.xml}&apos;, classes = &apos;{}&apos;, contextInitializerClasses = &apos;[]&apos;, activeProfiles = &apos;{}&apos;, propertySourceLocations = &apos;{}&apos;, propertySourceProperties = &apos;{}&apos;, contextCustomizers = set[[empty]], contextLoader = &apos;org.springframework.test.context.support.DelegatingSmartContextLoader&apos;, parent = [null]]].
DEBUG | (MutablePropertySources.java:109) - Adding [systemProperties] PropertySource with lowest search precedence
DEBUG | (MutablePropertySources.java:109) - Adding [systemEnvironment] PropertySource with lowest search precedence
DEBUG | (AbstractEnvironment.java:124) - Initialized StandardEnvironment with PropertySources [systemProperties,systemEnvironment]
INFO  | (XmlBeanDefinitionReader.java:317) - Loading XML bean definitions from class path resource [mq-connection-test-spring-context.xml]
DEBUG | (DefaultDocumentLoader.java:73) - Using JAXP provider [com.sun.org.apache.xerces.internal.jaxp.DocumentBuilderFactoryImpl]
DEBUG | (PluggableSchemaResolver.java:141) - Loading schema mappings from [META-INF/spring.schemas]
DEBUG | (PluggableSchemaResolver.java:147) - Loaded schema mappings: {http://www.springframework.org/schema/tx/spring-tx-2.5.xsd=org/springframework/transaction/config/spring-tx-2.5.xsd, http://www.springframework.org/schema/tx/spring-tx-4.3.xsd=org/springframework/transaction/config/spring-tx-4.3.xsd, http://www.springframework.org/schema/cache/spring-cache-4.2.xsd=org/springframework/cache/config/spring-cache-4.2.xsd, http://www.springframework.org/schema/aop/spring-aop-4.1.xsd=org/springframework/aop/config/spring-aop-4.1.xsd, http://www.springframework.org/schema/context/spring-context-3.1.xsd=org/springframework/context/config/spring-context-3.1.xsd, http://www.springframework.org/schema/jdbc/spring-jdbc-4.1.xsd=org/springframework/jdbc/config/spring-jdbc-4.1.xsd, http://www.springframework.org/schema/util/spring-util-3.0.xsd=org/springframework/beans/factory/xml/spring-util-3.0.xsd, http://www.springframework.org/schema/aop/spring-aop-3.2.xsd=org/springframework/aop/config/spring-aop-3.2.xsd, http://www.springframework.org/schema/tool/spring-tool.xsd=org/springframework/beans/factory/xml/spring-tool-4.3.xsd, http://www.springframework.org/schema/lang/spring-lang-4.1.xsd=org/springframework/scripting/config/spring-lang-4.1.xsd, http://www.springframework.org/schema/context/spring-context-4.0.xsd=org/springframework/context/config/spring-context-4.0.xsd, http://www.springframework.org/schema/rabbit/spring-rabbit-1.2.xsd=org/springframework/amqp/rabbit/config/spring-rabbit-1.2.xsd, http://www.springframework.org/schema/beans/spring-beans-4.2.xsd=org/springframework/beans/factory/xml/spring-beans-4.2.xsd, http://www.springframework.org/schema/tool/spring-tool-4.1.xsd=org/springframework/beans/factory/xml/spring-tool-4.1.xsd, http://www.springframework.org/schema/lang/spring-lang-3.2.xsd=org/springframework/scripting/config/spring-lang-3.2.xsd, http://www.springframework.org/schema/cache/spring-cache-3.2.xsd=org/springframework/cache/config/spring-cache-3.2.xsd, http://www.springframework.org/schema/rabbit/spring-rabbit-1.7.xsd=org/springframework/amqp/rabbit/config/spring-rabbit-1.7.xsd, http://www.springframework.org/schema/jee/spring-jee-4.1.xsd=org/springframework/ejb/config/spring-jee-4.1.xsd, http://www.springframework.org/schema/jdbc/spring-jdbc-3.1.xsd=org/springframework/jdbc/config/spring-jdbc-3.1.xsd, http://www.springframework.org/schema/task/spring-task-4.2.xsd=org/springframework/scheduling/config/spring-task-4.2.xsd, http://www.springframework.org/schema/util/spring-util-2.0.xsd=org/springframework/beans/factory/xml/spring-util-2.0.xsd, http://www.springframework.org/schema/tool/spring-tool-3.2.xsd=org/springframework/beans/factory/xml/spring-tool-3.2.xsd, http://www.springframework.org/schema/context/spring-context.xsd=org/springframework/context/config/spring-context-4.3.xsd, http://www.springframework.org/schema/tx/spring-tx-4.2.xsd=org/springframework/transaction/config/spring-tx-4.2.xsd, http://www.springframework.org/schema/cache/spring-cache-4.1.xsd=org/springframework/cache/config/spring-cache-4.1.xsd, http://www.springframework.org/schema/aop/spring-aop-4.0.xsd=org/springframework/aop/config/spring-aop-4.0.xsd, http://www.springframework.org/schema/jee/spring-jee-3.2.xsd=org/springframework/ejb/config/spring-jee-3.2.xsd, http://www.springframework.org/schema/context/spring-context-3.0.xsd=org/springframework/context/config/spring-context-3.0.xsd, http://www.springframework.org/schema/jdbc/spring-jdbc-4.0.xsd=org/springframework/jdbc/config/spring-jdbc-4.0.xsd, http://www.springframework.org/schema/util/spring-util-2.5.xsd=org/springframework/beans/factory/xml/spring-util-2.5.xsd, http://www.springframework.org/schema/util/spring-util-4.3.xsd=org/springframework/beans/factory/xml/spring-util-4.3.xsd, http://www.springframework.org/schema/beans/spring-beans-3.2.xsd=org/springframework/beans/factory/xml/spring-beans-3.2.xsd, http://www.springframework.org/schema/aop/spring-aop-3.1.xsd=org/springframework/aop/config/spring-aop-3.1.xsd, http://www.springframework.org/schema/lang/spring-lang-4.0.xsd=org/springframework/scripting/config/spring-lang-4.0.xsd, http://www.springframework.org/schema/rabbit/spring-rabbit-1.1.xsd=org/springframework/amqp/rabbit/config/spring-rabbit-1.1.xsd, http://www.springframework.org/schema/beans/spring-beans-4.1.xsd=org/springframework/beans/factory/xml/spring-beans-4.1.xsd, http://www.springframework.org/schema/tool/spring-tool-4.0.xsd=org/springframework/beans/factory/xml/spring-tool-4.0.xsd, http://www.springframework.org/schema/lang/spring-lang-3.1.xsd=org/springframework/scripting/config/spring-lang-3.1.xsd, http://www.springframework.org/schema/tx/spring-tx-3.2.xsd=org/springframework/transaction/config/spring-tx-3.2.xsd, http://www.springframework.org/schema/cache/spring-cache-3.1.xsd=org/springframework/cache/config/spring-cache-3.1.xsd, http://www.springframework.org/schema/rabbit/spring-rabbit-1.6.xsd=org/springframework/amqp/rabbit/config/spring-rabbit-1.6.xsd, http://www.springframework.org/schema/jee/spring-jee-4.0.xsd=org/springframework/ejb/config/spring-jee-4.0.xsd, http://www.springframework.org/schema/jdbc/spring-jdbc-3.0.xsd=org/springframework/jdbc/config/spring-jdbc-3.0.xsd, http://www.springframework.org/schema/task/spring-task-4.1.xsd=org/springframework/scheduling/config/spring-task-4.1.xsd, http://www.springframework.org/schema/rabbit/spring-rabbit.xsd=org/springframework/amqp/rabbit/config/spring-rabbit-1.7.xsd, http://www.springframework.org/schema/jdbc/spring-jdbc.xsd=org/springframework/jdbc/config/spring-jdbc-4.3.xsd, http://www.springframework.org/schema/tool/spring-tool-3.1.xsd=org/springframework/beans/factory/xml/spring-tool-3.1.xsd, http://www.springframework.org/schema/tx/spring-tx-4.1.xsd=org/springframework/transaction/config/spring-tx-4.1.xsd, http://www.springframework.org/schema/cache/spring-cache-4.0.xsd=org/springframework/cache/config/spring-cache-4.0.xsd, http://www.springframework.org/schema/jee/spring-jee-3.1.xsd=org/springframework/ejb/config/spring-jee-3.1.xsd, http://www.springframework.org/schema/task/spring-task-3.2.xsd=org/springframework/scheduling/config/spring-task-3.2.xsd, http://www.springframework.org/schema/util/spring-util-4.2.xsd=org/springframework/beans/factory/xml/spring-util-4.2.xsd, http://www.springframework.org/schema/beans/spring-beans-3.1.xsd=org/springframework/beans/factory/xml/spring-beans-3.1.xsd, http://www.springframework.org/schema/util/spring-util.xsd=org/springframework/beans/factory/xml/spring-util-4.3.xsd, http://www.springframework.org/schema/aop/spring-aop-3.0.xsd=org/springframework/aop/config/spring-aop-3.0.xsd, http://www.springframework.org/schema/rabbit/spring-rabbit-1.0.xsd=org/springframework/amqp/rabbit/config/spring-rabbit-1.0.xsd, http://www.springframework.org/schema/beans/spring-beans-4.0.xsd=org/springframework/beans/factory/xml/spring-beans-4.0.xsd, http://www.springframework.org/schema/beans/spring-beans.xsd=org/springframework/beans/factory/xml/spring-beans-4.3.xsd, http://www.springframework.org/schema/lang/spring-lang-3.0.xsd=org/springframework/scripting/config/spring-lang-3.0.xsd, http://www.springframework.org/schema/tx/spring-tx-3.1.xsd=org/springframework/transaction/config/spring-tx-3.1.xsd, http://www.springframework.org/schema/context/spring-context-2.5.xsd=org/springframework/context/config/spring-context-2.5.xsd, http://www.springframework.org/schema/context/spring-context-4.3.xsd=org/springframework/context/config/spring-context-4.3.xsd, http://www.springframework.org/schema/rabbit/spring-rabbit-1.5.xsd=org/springframework/amqp/rabbit/config/spring-rabbit-1.5.xsd, http://www.springframework.org/schema/task/spring-task-4.0.xsd=org/springframework/scheduling/config/spring-task-4.0.xsd, http://www.springframework.org/schema/tool/spring-tool-3.0.xsd=org/springframework/beans/factory/xml/spring-tool-3.0.xsd, http://www.springframework.org/schema/tx/spring-tx-4.0.xsd=org/springframework/transaction/config/spring-tx-4.0.xsd, http://www.springframework.org/schema/aop/spring-aop-2.0.xsd=org/springframework/aop/config/spring-aop-2.0.xsd, http://www.springframework.org/schema/jee/spring-jee-3.0.xsd=org/springframework/ejb/config/spring-jee-3.0.xsd, http://www.springframework.org/schema/task/spring-task-3.1.xsd=org/springframework/scheduling/config/spring-task-3.1.xsd, http://www.springframework.org/schema/util/spring-util-4.1.xsd=org/springframework/beans/factory/xml/spring-util-4.1.xsd, http://www.springframework.org/schema/beans/spring-beans-3.0.xsd=org/springframework/beans/factory/xml/spring-beans-3.0.xsd, http://www.springframework.org/schema/jee/spring-jee.xsd=org/springframework/ejb/config/spring-jee-4.3.xsd, http://www.springframework.org/schema/aop/spring-aop-4.3.xsd=org/springframework/aop/config/spring-aop-4.3.xsd, http://www.springframework.org/schema/aop/spring-aop-2.5.xsd=org/springframework/aop/config/spring-aop-2.5.xsd, http://www.springframework.org/schema/lang/spring-lang-2.0.xsd=org/springframework/scripting/config/spring-lang-2.0.xsd, http://www.springframework.org/schema/jdbc/spring-jdbc-4.3.xsd=org/springframework/jdbc/config/spring-jdbc-4.3.xsd, http://www.springframework.org/schema/util/spring-util-3.2.xsd=org/springframework/beans/factory/xml/spring-util-3.2.xsd, http://www.springframework.org/schema/task/spring-task.xsd=org/springframework/scheduling/config/spring-task-4.3.xsd, http://www.springframework.org/schema/tool/spring-tool-2.0.xsd=org/springframework/beans/factory/xml/spring-tool-2.0.xsd, http://www.springframework.org/schema/lang/spring-lang-4.3.xsd=org/springframework/scripting/config/spring-lang-4.3.xsd, http://www.springframework.org/schema/tx/spring-tx-3.0.xsd=org/springframework/transaction/config/spring-tx-3.0.xsd, http://www.springframework.org/schema/lang/spring-lang-2.5.xsd=org/springframework/scripting/config/spring-lang-2.5.xsd, http://www.springframework.org/schema/context/spring-context-4.2.xsd=org/springframework/context/config/spring-context-4.2.xsd, http://www.springframework.org/schema/rabbit/spring-rabbit-1.4.xsd=org/springframework/amqp/rabbit/config/spring-rabbit-1.4.xsd, http://www.springframework.org/schema/jee/spring-jee-2.0.xsd=org/springframework/ejb/config/spring-jee-2.0.xsd, http://www.springframework.org/schema/tool/spring-tool-4.3.xsd=org/springframework/beans/factory/xml/spring-tool-4.3.xsd, http://www.springframework.org/schema/tool/spring-tool-2.5.xsd=org/springframework/beans/factory/xml/spring-tool-2.5.xsd, http://www.springframework.org/schema/jee/spring-jee-4.3.xsd=org/springframework/ejb/config/spring-jee-4.3.xsd, http://www.springframework.org/schema/jee/spring-jee-2.5.xsd=org/springframework/ejb/config/spring-jee-2.5.xsd, http://www.springframework.org/schema/task/spring-task-3.0.xsd=org/springframework/scheduling/config/spring-task-3.0.xsd, http://www.springframework.org/schema/util/spring-util-4.0.xsd=org/springframework/beans/factory/xml/spring-util-4.0.xsd, http://www.springframework.org/schema/cache/spring-cache-4.3.xsd=org/springframework/cache/config/spring-cache-4.3.xsd, http://www.springframework.org/schema/aop/spring-aop-4.2.xsd=org/springframework/aop/config/spring-aop-4.2.xsd, http://www.springframework.org/schema/lang/spring-lang.xsd=org/springframework/scripting/config/spring-lang-4.3.xsd, http://www.springframework.org/schema/context/spring-context-3.2.xsd=org/springframework/context/config/spring-context-3.2.xsd, http://www.springframework.org/schema/jdbc/spring-jdbc-4.2.xsd=org/springframework/jdbc/config/spring-jdbc-4.2.xsd, http://www.springframework.org/schema/util/spring-util-3.1.xsd=org/springframework/beans/factory/xml/spring-util-3.1.xsd, http://www.springframework.org/schema/beans/spring-beans-2.0.xsd=org/springframework/beans/factory/xml/spring-beans-2.0.xsd, http://www.springframework.org/schema/cache/spring-cache.xsd=org/springframework/cache/config/spring-cache-4.3.xsd, http://www.springframework.org/schema/tx/spring-tx.xsd=org/springframework/transaction/config/spring-tx-4.3.xsd, http://www.springframework.org/schema/lang/spring-lang-4.2.xsd=org/springframework/scripting/config/spring-lang-4.2.xsd, http://www.springframework.org/schema/context/spring-context-4.1.xsd=org/springframework/context/config/spring-context-4.1.xsd, http://www.springframework.org/schema/rabbit/spring-rabbit-1.3.xsd=org/springframework/amqp/rabbit/config/spring-rabbit-1.3.xsd, http://www.springframework.org/schema/beans/spring-beans-2.5.xsd=org/springframework/beans/factory/xml/spring-beans-2.5.xsd, http://www.springframework.org/schema/beans/spring-beans-4.3.xsd=org/springframework/beans/factory/xml/spring-beans-4.3.xsd, http://www.springframework.org/schema/tool/spring-tool-4.2.xsd=org/springframework/beans/factory/xml/spring-tool-4.2.xsd, http://www.springframework.org/schema/tx/spring-tx-2.0.xsd=org/springframework/transaction/config/spring-tx-2.0.xsd, http://www.springframework.org/schema/jee/spring-jee-4.2.xsd=org/springframework/ejb/config/spring-jee-4.2.xsd, http://www.springframework.org/schema/jdbc/spring-jdbc-3.2.xsd=org/springframework/jdbc/config/spring-jdbc-3.2.xsd, http://www.springframework.org/schema/aop/spring-aop.xsd=org/springframework/aop/config/spring-aop-4.3.xsd, http://www.springframework.org/schema/task/spring-task-4.3.xsd=org/springframework/scheduling/config/spring-task-4.3.xsd}
DEBUG | (PluggableSchemaResolver.java:119) - Found XML schema [http://www.springframework.org/schema/beans/spring-beans.xsd] in classpath: org/springframework/beans/factory/xml/spring-beans-4.3.xsd
DEBUG | (PluggableSchemaResolver.java:119) - Found XML schema [http://www.springframework.org/schema/context/spring-context.xsd] in classpath: org/springframework/context/config/spring-context-4.3.xsd
DEBUG | (PluggableSchemaResolver.java:119) - Found XML schema [http://www.springframework.org/schema/tool/spring-tool-4.3.xsd] in classpath: org/springframework/beans/factory/xml/spring-tool-4.3.xsd
DEBUG | (DefaultBeanDefinitionDocumentReader.java:92) - Loading bean definitions
DEBUG | (DefaultNamespaceHandlerResolver.java:157) - Loaded NamespaceHandler mappings: {http://www.springframework.org/schema/p=org.springframework.beans.factory.xml.SimplePropertyNamespaceHandler, http://www.springframework.org/schema/util=org.springframework.beans.factory.xml.UtilNamespaceHandler, http://www.springframework.org/schema/jee=org.springframework.ejb.config.JeeNamespaceHandler, http://www.springframework.org/schema/aop=org.springframework.aop.config.AopNamespaceHandler, http://www.springframework.org/schema/jdbc=org.springframework.jdbc.config.JdbcNamespaceHandler, http://www.springframework.org/schema/cache=org.springframework.cache.config.CacheNamespaceHandler, http://www.springframework.org/schema/c=org.springframework.beans.factory.xml.SimpleConstructorNamespaceHandler, http://www.springframework.org/schema/tx=org.springframework.transaction.config.TxNamespaceHandler, http://www.springframework.org/schema/rabbit=org.springframework.amqp.rabbit.config.RabbitNamespaceHandler, http://www.springframework.org/schema/task=org.springframework.scheduling.config.TaskNamespaceHandler, http://www.springframework.org/schema/lang=org.springframework.scripting.config.LangNamespaceHandler, http://www.springframework.org/schema/context=org.springframework.context.config.ContextNamespaceHandler}
DEBUG | (PathMatchingResourcePatternResolver.java:318) - Resolved classpath location [mq-connection-spring-context.xml] to resources [URL [file:/E:/workspace/eclipse/jee/mq-connection-server/target/classes/mq-connection-spring-context.xml]]
INFO  | (XmlBeanDefinitionReader.java:317) - Loading XML bean definitions from URL [file:/E:/workspace/eclipse/jee/mq-connection-server/target/classes/mq-connection-spring-context.xml]
DEBUG | (DefaultDocumentLoader.java:73) - Using JAXP provider [com.sun.org.apache.xerces.internal.jaxp.DocumentBuilderFactoryImpl]
DEBUG | (PluggableSchemaResolver.java:119) - Found XML schema [http://www.springframework.org/schema/beans/spring-beans.xsd] in classpath: org/springframework/beans/factory/xml/spring-beans-4.3.xsd
DEBUG | (PluggableSchemaResolver.java:119) - Found XML schema [http://www.springframework.org/schema/context/spring-context.xsd] in classpath: org/springframework/context/config/spring-context-4.3.xsd
DEBUG | (PluggableSchemaResolver.java:119) - Found XML schema [http://www.springframework.org/schema/tool/spring-tool-4.3.xsd] in classpath: org/springframework/beans/factory/xml/spring-tool-4.3.xsd
DEBUG | (PluggableSchemaResolver.java:119) - Found XML schema [http://www.springframework.org/schema/rabbit/spring-rabbit-1.4.xsd] in classpath: org/springframework/amqp/rabbit/config/spring-rabbit-1.4.xsd
DEBUG | (DefaultBeanDefinitionDocumentReader.java:92) - Loading bean definitions
DEBUG | (PathMatchingResourcePatternResolver.java:318) - Resolved classpath location [mq-base-spring-context.xml] to resources [URL [jar:file:/E:/workspace/eclipse/jee/mq-base/target/mq-base-1.0.0-SNAPSHOT.jar!/mq-base-spring-context.xml]]
INFO  | (XmlBeanDefinitionReader.java:317) - Loading XML bean definitions from URL [jar:file:/E:/workspace/eclipse/jee/mq-base/target/mq-base-1.0.0-SNAPSHOT.jar!/mq-base-spring-context.xml]
DEBUG | (DefaultDocumentLoader.java:73) - Using JAXP provider [com.sun.org.apache.xerces.internal.jaxp.DocumentBuilderFactoryImpl]
DEBUG | (PluggableSchemaResolver.java:119) - Found XML schema [http://www.springframework.org/schema/beans/spring-beans.xsd] in classpath: org/springframework/beans/factory/xml/spring-beans-4.3.xsd
DEBUG | (PluggableSchemaResolver.java:119) - Found XML schema [http://www.springframework.org/schema/context/spring-context.xsd] in classpath: org/springframework/context/config/spring-context-4.3.xsd
DEBUG | (PluggableSchemaResolver.java:119) - Found XML schema [http://www.springframework.org/schema/tool/spring-tool-4.3.xsd] in classpath: org/springframework/beans/factory/xml/spring-tool-4.3.xsd
DEBUG | (PluggableSchemaResolver.java:119) - Found XML schema [http://www.springframework.org/schema/rabbit/spring-rabbit-1.4.xsd] in classpath: org/springframework/amqp/rabbit/config/spring-rabbit-1.4.xsd
DEBUG | (DefaultBeanDefinitionDocumentReader.java:92) - Loading bean definitions
DEBUG | (PathMatchingResourcePatternResolver.java:318) - Resolved classpath location [com/idata/mq/base/] to resources [URL [jar:file:/E:/workspace/eclipse/jee/mq-base/target/mq-base-1.0.0-SNAPSHOT.jar!/com/idata/mq/base/]]
DEBUG | (PathMatchingResourcePatternResolver.java:612) - Looking for matching resources in jar file [file:/E:/workspace/eclipse/jee/mq-base/target/mq-base-1.0.0-SNAPSHOT.jar]
DEBUG | (PathMatchingResourcePatternResolver.java:482) - Resolved location pattern [classpath*:com/idata/mq/base/**/*.class] to resources [URL [jar:file:/E:/workspace/eclipse/jee/mq-base/target/mq-base-1.0.0-SNAPSHOT.jar!/com/idata/mq/base/BaseConfigurator.class], URL [jar:file:/E:/workspace/eclipse/jee/mq-base/target/mq-base-1.0.0-SNAPSHOT.jar!/com/idata/mq/base/constant/CommandConstants.class], URL [jar:file:/E:/workspace/eclipse/jee/mq-base/target/mq-base-1.0.0-SNAPSHOT.jar!/com/idata/mq/base/constant/FailMessageCodeConstants.class], URL [jar:file:/E:/workspace/eclipse/jee/mq-base/target/mq-base-1.0.0-SNAPSHOT.jar!/com/idata/mq/base/constant/ServerConstants.class], URL [jar:file:/E:/workspace/eclipse/jee/mq-base/target/mq-base-1.0.0-SNAPSHOT.jar!/com/idata/mq/base/event/BackProcessFailedMessageEvent.class], URL [jar:file:/E:/workspace/eclipse/jee/mq-base/target/mq-base-1.0.0-SNAPSHOT.jar!/com/idata/mq/base/event/ConfirmCallbackEvent.class], URL [jar:file:/E:/workspace/eclipse/jee/mq-base/target/mq-base-1.0.0-SNAPSHOT.jar!/com/idata/mq/base/event/MessageAckFailedEvent.class], URL [jar:file:/E:/workspace/eclipse/jee/mq-base/target/mq-base-1.0.0-SNAPSHOT.jar!/com/idata/mq/base/exception/SendMessageException.class], URL [jar:file:/E:/workspace/eclipse/jee/mq-base/target/mq-base-1.0.0-SNAPSHOT.jar!/com/idata/mq/base/FastJsonMessageConverter.class], URL [jar:file:/E:/workspace/eclipse/jee/mq-base/target/mq-base-1.0.0-SNAPSHOT.jar!/com/idata/mq/base/listener/BaseMessageListener$1.class], URL [jar:file:/E:/workspace/eclipse/jee/mq-base/target/mq-base-1.0.0-SNAPSHOT.jar!/com/idata/mq/base/listener/BaseMessageListener.class], URL [jar:file:/E:/workspace/eclipse/jee/mq-base/target/mq-base-1.0.0-SNAPSHOT.jar!/com/idata/mq/base/listener/ConfirmMessageListener$1.class], URL [jar:file:/E:/workspace/eclipse/jee/mq-base/target/mq-base-1.0.0-SNAPSHOT.jar!/com/idata/mq/base/listener/ConfirmMessageListener.class], URL [jar:file:/E:/workspace/eclipse/jee/mq-base/target/mq-base-1.0.0-SNAPSHOT.jar!/com/idata/mq/base/listener/FailMessageListener.class], URL [jar:file:/E:/workspace/eclipse/jee/mq-base/target/mq-base-1.0.0-SNAPSHOT.jar!/com/idata/mq/base/listener/ServiceStatusMessageListener.class], URL [jar:file:/E:/workspace/eclipse/jee/mq-base/target/mq-base-1.0.0-SNAPSHOT.jar!/com/idata/mq/base/message/BaseMessage.class], URL [jar:file:/E:/workspace/eclipse/jee/mq-base/target/mq-base-1.0.0-SNAPSHOT.jar!/com/idata/mq/base/message/CommandMessage.class], URL [jar:file:/E:/workspace/eclipse/jee/mq-base/target/mq-base-1.0.0-SNAPSHOT.jar!/com/idata/mq/base/message/ConfirmMessage.class], URL [jar:file:/E:/workspace/eclipse/jee/mq-base/target/mq-base-1.0.0-SNAPSHOT.jar!/com/idata/mq/base/message/DeviceMessage.class], URL [jar:file:/E:/workspace/eclipse/jee/mq-base/target/mq-base-1.0.0-SNAPSHOT.jar!/com/idata/mq/base/message/DeviceMessageResultMessage.class], URL [jar:file:/E:/workspace/eclipse/jee/mq-base/target/mq-base-1.0.0-SNAPSHOT.jar!/com/idata/mq/base/message/DeviceOfflineMessage.class], URL [jar:file:/E:/workspace/eclipse/jee/mq-base/target/mq-base-1.0.0-SNAPSHOT.jar!/com/idata/mq/base/message/DeviceOnlineMessage.class], URL [jar:file:/E:/workspace/eclipse/jee/mq-base/target/mq-base-1.0.0-SNAPSHOT.jar!/com/idata/mq/base/message/FailMessage.class], URL [jar:file:/E:/workspace/eclipse/jee/mq-base/target/mq-base-1.0.0-SNAPSHOT.jar!/com/idata/mq/base/message/ServerStatusMessage.class], URL [jar:file:/E:/workspace/eclipse/jee/mq-base/target/mq-base-1.0.0-SNAPSHOT.jar!/com/idata/mq/base/properties/AmqProperties.class], URL [jar:file:/E:/workspace/eclipse/jee/mq-base/target/mq-base-1.0.0-SNAPSHOT.jar!/com/idata/mq/base/properties/ScheduledExecutorProperties.class], URL [jar:file:/E:/workspace/eclipse/jee/mq-base/target/mq-base-1.0.0-SNAPSHOT.jar!/com/idata/mq/base/receiver/CommandMessageReceiver.class], URL [jar:file:/E:/workspace/eclipse/jee/mq-base/target/mq-base-1.0.0-SNAPSHOT.jar!/com/idata/mq/base/receiver/ConfirmMessageReceiver.class], URL [jar:file:/E:/workspace/eclipse/jee/mq-base/target/mq-base-1.0.0-SNAPSHOT.jar!/com/idata/mq/base/receiver/DeviceMessageReceiver.class], URL [jar:file:/E:/workspace/eclipse/jee/mq-base/target/mq-base-1.0.0-SNAPSHOT.jar!/com/idata/mq/base/receiver/DeviceMessageResultMessageReceiver.class], URL [jar:file:/E:/workspace/eclipse/jee/mq-base/target/mq-base-1.0.0-SNAPSHOT.jar!/com/idata/mq/base/receiver/DeviceOfflineMessageReceiver.class], URL [jar:file:/E:/workspace/eclipse/jee/mq-base/target/mq-base-1.0.0-SNAPSHOT.jar!/com/idata/mq/base/receiver/DeviceOnlineMessageReceiver.class], URL [jar:file:/E:/workspace/eclipse/jee/mq-base/target/mq-base-1.0.0-SNAPSHOT.jar!/com/idata/mq/base/receiver/FailMessageReceiver.class], URL [jar:file:/E:/workspace/eclipse/jee/mq-base/target/mq-base-1.0.0-SNAPSHOT.jar!/com/idata/mq/base/receiver/ServerStatusMessageReceiver.class], URL [jar:file:/E:/workspace/eclipse/jee/mq-base/target/mq-base-1.0.0-SNAPSHOT.jar!/com/idata/mq/base/service/AbstractMessageSendService$1.class], URL [jar:file:/E:/workspace/eclipse/jee/mq-base/target/mq-base-1.0.0-SNAPSHOT.jar!/com/idata/mq/base/service/AbstractMessageSendService.class], URL [jar:file:/E:/workspace/eclipse/jee/mq-base/target/mq-base-1.0.0-SNAPSHOT.jar!/com/idata/mq/base/service/FailMessageReceiveService.class], URL [jar:file:/E:/workspace/eclipse/jee/mq-base/target/mq-base-1.0.0-SNAPSHOT.jar!/com/idata/mq/base/service/MessageConfirmCallback.class], URL [jar:file:/E:/workspace/eclipse/jee/mq-base/target/mq-base-1.0.0-SNAPSHOT.jar!/com/idata/mq/base/service/MessageReturnCallback.class], URL [jar:file:/E:/workspace/eclipse/jee/mq-base/target/mq-base-1.0.0-SNAPSHOT.jar!/com/idata/mq/base/service/MessageSendService.class], URL [jar:file:/E:/workspace/eclipse/jee/mq-base/target/mq-base-1.0.0-SNAPSHOT.jar!/com/idata/mq/base/util/FailMessageUtil.class], URL [jar:file:/E:/workspace/eclipse/jee/mq-base/target/mq-base-1.0.0-SNAPSHOT.jar!/com/idata/mq/base/util/RandomGeneratorUtil.class]]
DEBUG | (ClassPathScanningCandidateComponentProvider.java:294) - Identified candidate component class: URL [jar:file:/E:/workspace/eclipse/jee/mq-base/target/mq-base-1.0.0-SNAPSHOT.jar!/com/idata/mq/base/BaseConfigurator.class]
DEBUG | (ClassPathScanningCandidateComponentProvider.java:294) - Identified candidate component class: URL [jar:file:/E:/workspace/eclipse/jee/mq-base/target/mq-base-1.0.0-SNAPSHOT.jar!/com/idata/mq/base/listener/FailMessageListener.class]
DEBUG | (ClassPathScanningCandidateComponentProvider.java:294) - Identified candidate component class: URL [jar:file:/E:/workspace/eclipse/jee/mq-base/target/mq-base-1.0.0-SNAPSHOT.jar!/com/idata/mq/base/listener/ServiceStatusMessageListener.class]
DEBUG | (ClassPathScanningCandidateComponentProvider.java:294) - Identified candidate component class: URL [jar:file:/E:/workspace/eclipse/jee/mq-base/target/mq-base-1.0.0-SNAPSHOT.jar!/com/idata/mq/base/properties/AmqProperties.class]
DEBUG | (ClassPathScanningCandidateComponentProvider.java:294) - Identified candidate component class: URL [jar:file:/E:/workspace/eclipse/jee/mq-base/target/mq-base-1.0.0-SNAPSHOT.jar!/com/idata/mq/base/properties/ScheduledExecutorProperties.class]
DEBUG | (ClassPathScanningCandidateComponentProvider.java:294) - Identified candidate component class: URL [jar:file:/E:/workspace/eclipse/jee/mq-base/target/mq-base-1.0.0-SNAPSHOT.jar!/com/idata/mq/base/service/FailMessageReceiveService.class]
DEBUG | (ClassPathScanningCandidateComponentProvider.java:294) - Identified candidate component class: URL [jar:file:/E:/workspace/eclipse/jee/mq-base/target/mq-base-1.0.0-SNAPSHOT.jar!/com/idata/mq/base/service/MessageConfirmCallback.class]
DEBUG | (ClassPathScanningCandidateComponentProvider.java:294) - Identified candidate component class: URL [jar:file:/E:/workspace/eclipse/jee/mq-base/target/mq-base-1.0.0-SNAPSHOT.jar!/com/idata/mq/base/service/MessageReturnCallback.class]
DEBUG | (BeanDefinitionParserDelegate.java:481) - Neither XML &apos;id&apos; nor &apos;name&apos; specified - using generated bean name [org.springframework.retry.backoff.ExponentialBackOffPolicy#d56fc13]
DEBUG | (AbstractBeanDefinitionReader.java:224) - Loaded 35 bean definitions from location pattern [classpath*:mq-base-spring-context.xml]
DEBUG | (DefaultBeanDefinitionDocumentReader.java:229) - Imported 35 bean definitions from URL location [classpath*:mq-base-spring-context.xml]
DEBUG | (PathMatchingResourcePatternResolver.java:318) - Resolved classpath location [com/idata/mq/connection/listener/] to resources [URL [file:/E:/workspace/eclipse/jee/mq-connection-server/target/classes/com/idata/mq/connection/listener/]]
DEBUG | (PathMatchingResourcePatternResolver.java:713) - Looking for matching resources in directory tree [E:\workspace\eclipse\jee\mq-connection-server\target\classes\com\idata\mq\connection\listener]
DEBUG | (PathMatchingResourcePatternResolver.java:775) - Searching directory [E:\workspace\eclipse\jee\mq-connection-server\target\classes\com\idata\mq\connection\listener] for files matching pattern [E:/workspace/eclipse/jee/mq-connection-server/target/classes/com/idata/mq/connection/listener/**/*.class]
DEBUG | (PathMatchingResourcePatternResolver.java:482) - Resolved location pattern [classpath*:com/idata/mq/connection/listener/**/*.class] to resources [file [E:\workspace\eclipse\jee\mq-connection-server\target\classes\com\idata\mq\connection\listener\CommandMessageListener.class], file [E:\workspace\eclipse\jee\mq-connection-server\target\classes\com\idata\mq\connection\listener\DeviceMessageListener.class]]
DEBUG | (ClassPathScanningCandidateComponentProvider.java:294) - Identified candidate component class: file [E:\workspace\eclipse\jee\mq-connection-server\target\classes\com\idata\mq\connection\listener\CommandMessageListener.class]
DEBUG | (ClassPathScanningCandidateComponentProvider.java:294) - Identified candidate component class: file [E:\workspace\eclipse\jee\mq-connection-server\target\classes\com\idata\mq\connection\listener\DeviceMessageListener.class]
DEBUG | (PathMatchingResourcePatternResolver.java:318) - Resolved classpath location [com/idata/mq/connection/service/] to resources [URL [file:/E:/workspace/eclipse/jee/mq-connection-server/target/classes/com/idata/mq/connection/service/]]
DEBUG | (PathMatchingResourcePatternResolver.java:713) - Looking for matching resources in directory tree [E:\workspace\eclipse\jee\mq-connection-server\target\classes\com\idata\mq\connection\service]
DEBUG | (PathMatchingResourcePatternResolver.java:775) - Searching directory [E:\workspace\eclipse\jee\mq-connection-server\target\classes\com\idata\mq\connection\service] for files matching pattern [E:/workspace/eclipse/jee/mq-connection-server/target/classes/com/idata/mq/connection/service/**/*.class]
DEBUG | (PathMatchingResourcePatternResolver.java:482) - Resolved location pattern [classpath*:com/idata/mq/connection/service/**/*.class] to resources [file [E:\workspace\eclipse\jee\mq-connection-server\target\classes\com\idata\mq\connection\service\Connection2MdmMessageSendService.class], file [E:\workspace\eclipse\jee\mq-connection-server\target\classes\com\idata\mq\connection\service\Connection2MdmMessageSendServiceImpl.class]]
DEBUG | (ClassPathScanningCandidateComponentProvider.java:294) - Identified candidate component class: file [E:\workspace\eclipse\jee\mq-connection-server\target\classes\com\idata\mq\connection\service\Connection2MdmMessageSendServiceImpl.class]
DEBUG | (AbstractBeanDefinitionReader.java:224) - Loaded 43 bean definitions from location pattern [classpath*:mq-connection-spring-context.xml]
DEBUG | (DefaultBeanDefinitionDocumentReader.java:229) - Imported 43 bean definitions from URL location [classpath*:mq-connection-spring-context.xml]
DEBUG | (PathMatchingResourcePatternResolver.java:318) - Resolved classpath location [mq-mdm-spring-context.xml] to resources [URL [jar:file:/E:/workspace/eclipse/jee/mq-mdm-server/target/mq-mdm-server-1.0.0-SNAPSHOT.jar!/mq-mdm-spring-context.xml]]
INFO  | (XmlBeanDefinitionReader.java:317) - Loading XML bean definitions from URL [jar:file:/E:/workspace/eclipse/jee/mq-mdm-server/target/mq-mdm-server-1.0.0-SNAPSHOT.jar!/mq-mdm-spring-context.xml]
DEBUG | (DefaultDocumentLoader.java:73) - Using JAXP provider [com.sun.org.apache.xerces.internal.jaxp.DocumentBuilderFactoryImpl]
DEBUG | (PluggableSchemaResolver.java:119) - Found XML schema [http://www.springframework.org/schema/beans/spring-beans.xsd] in classpath: org/springframework/beans/factory/xml/spring-beans-4.3.xsd
DEBUG | (PluggableSchemaResolver.java:119) - Found XML schema [http://www.springframework.org/schema/context/spring-context.xsd] in classpath: org/springframework/context/config/spring-context-4.3.xsd
DEBUG | (PluggableSchemaResolver.java:119) - Found XML schema [http://www.springframework.org/schema/tool/spring-tool-4.3.xsd] in classpath: org/springframework/beans/factory/xml/spring-tool-4.3.xsd
DEBUG | (PluggableSchemaResolver.java:119) - Found XML schema [http://www.springframework.org/schema/rabbit/spring-rabbit-1.4.xsd] in classpath: org/springframework/amqp/rabbit/config/spring-rabbit-1.4.xsd
DEBUG | (DefaultBeanDefinitionDocumentReader.java:92) - Loading bean definitions
DEBUG | (PathMatchingResourcePatternResolver.java:318) - Resolved classpath location [mq-base-spring-context.xml] to resources [URL [jar:file:/E:/workspace/eclipse/jee/mq-base/target/mq-base-1.0.0-SNAPSHOT.jar!/mq-base-spring-context.xml]]
INFO  | (XmlBeanDefinitionReader.java:317) - Loading XML bean definitions from URL [jar:file:/E:/workspace/eclipse/jee/mq-base/target/mq-base-1.0.0-SNAPSHOT.jar!/mq-base-spring-context.xml]
DEBUG | (DefaultDocumentLoader.java:73) - Using JAXP provider [com.sun.org.apache.xerces.internal.jaxp.DocumentBuilderFactoryImpl]
DEBUG | (PluggableSchemaResolver.java:119) - Found XML schema [http://www.springframework.org/schema/beans/spring-beans.xsd] in classpath: org/springframework/beans/factory/xml/spring-beans-4.3.xsd
DEBUG | (PluggableSchemaResolver.java:119) - Found XML schema [http://www.springframework.org/schema/context/spring-context.xsd] in classpath: org/springframework/context/config/spring-context-4.3.xsd
DEBUG | (PluggableSchemaResolver.java:119) - Found XML schema [http://www.springframework.org/schema/tool/spring-tool-4.3.xsd] in classpath: org/springframework/beans/factory/xml/spring-tool-4.3.xsd
DEBUG | (PluggableSchemaResolver.java:119) - Found XML schema [http://www.springframework.org/schema/rabbit/spring-rabbit-1.4.xsd] in classpath: org/springframework/amqp/rabbit/config/spring-rabbit-1.4.xsd
DEBUG | (DefaultBeanDefinitionDocumentReader.java:92) - Loading bean definitions
DEBUG | (PathMatchingResourcePatternResolver.java:318) - Resolved classpath location [com/idata/mq/base/] to resources [URL [jar:file:/E:/workspace/eclipse/jee/mq-base/target/mq-base-1.0.0-SNAPSHOT.jar!/com/idata/mq/base/]]
DEBUG | (PathMatchingResourcePatternResolver.java:612) - Looking for matching resources in jar file [file:/E:/workspace/eclipse/jee/mq-base/target/mq-base-1.0.0-SNAPSHOT.jar]
DEBUG | (PathMatchingResourcePatternResolver.java:482) - Resolved location pattern [classpath*:com/idata/mq/base/**/*.class] to resources [URL [jar:file:/E:/workspace/eclipse/jee/mq-base/target/mq-base-1.0.0-SNAPSHOT.jar!/com/idata/mq/base/BaseConfigurator.class], URL [jar:file:/E:/workspace/eclipse/jee/mq-base/target/mq-base-1.0.0-SNAPSHOT.jar!/com/idata/mq/base/constant/CommandConstants.class], URL [jar:file:/E:/workspace/eclipse/jee/mq-base/target/mq-base-1.0.0-SNAPSHOT.jar!/com/idata/mq/base/constant/FailMessageCodeConstants.class], URL [jar:file:/E:/workspace/eclipse/jee/mq-base/target/mq-base-1.0.0-SNAPSHOT.jar!/com/idata/mq/base/constant/ServerConstants.class], URL [jar:file:/E:/workspace/eclipse/jee/mq-base/target/mq-base-1.0.0-SNAPSHOT.jar!/com/idata/mq/base/event/BackProcessFailedMessageEvent.class], URL [jar:file:/E:/workspace/eclipse/jee/mq-base/target/mq-base-1.0.0-SNAPSHOT.jar!/com/idata/mq/base/event/ConfirmCallbackEvent.class], URL [jar:file:/E:/workspace/eclipse/jee/mq-base/target/mq-base-1.0.0-SNAPSHOT.jar!/com/idata/mq/base/event/MessageAckFailedEvent.class], URL [jar:file:/E:/workspace/eclipse/jee/mq-base/target/mq-base-1.0.0-SNAPSHOT.jar!/com/idata/mq/base/exception/SendMessageException.class], URL [jar:file:/E:/workspace/eclipse/jee/mq-base/target/mq-base-1.0.0-SNAPSHOT.jar!/com/idata/mq/base/FastJsonMessageConverter.class], URL [jar:file:/E:/workspace/eclipse/jee/mq-base/target/mq-base-1.0.0-SNAPSHOT.jar!/com/idata/mq/base/listener/BaseMessageListener$1.class], URL [jar:file:/E:/workspace/eclipse/jee/mq-base/target/mq-base-1.0.0-SNAPSHOT.jar!/com/idata/mq/base/listener/BaseMessageListener.class], URL [jar:file:/E:/workspace/eclipse/jee/mq-base/target/mq-base-1.0.0-SNAPSHOT.jar!/com/idata/mq/base/listener/ConfirmMessageListener$1.class], URL [jar:file:/E:/workspace/eclipse/jee/mq-base/target/mq-base-1.0.0-SNAPSHOT.jar!/com/idata/mq/base/listener/ConfirmMessageListener.class], URL [jar:file:/E:/workspace/eclipse/jee/mq-base/target/mq-base-1.0.0-SNAPSHOT.jar!/com/idata/mq/base/listener/FailMessageListener.class], URL [jar:file:/E:/workspace/eclipse/jee/mq-base/target/mq-base-1.0.0-SNAPSHOT.jar!/com/idata/mq/base/listener/ServiceStatusMessageListener.class], URL [jar:file:/E:/workspace/eclipse/jee/mq-base/target/mq-base-1.0.0-SNAPSHOT.jar!/com/idata/mq/base/message/BaseMessage.class], URL [jar:file:/E:/workspace/eclipse/jee/mq-base/target/mq-base-1.0.0-SNAPSHOT.jar!/com/idata/mq/base/message/CommandMessage.class], URL [jar:file:/E:/workspace/eclipse/jee/mq-base/target/mq-base-1.0.0-SNAPSHOT.jar!/com/idata/mq/base/message/ConfirmMessage.class], URL [jar:file:/E:/workspace/eclipse/jee/mq-base/target/mq-base-1.0.0-SNAPSHOT.jar!/com/idata/mq/base/message/DeviceMessage.class], URL [jar:file:/E:/workspace/eclipse/jee/mq-base/target/mq-base-1.0.0-SNAPSHOT.jar!/com/idata/mq/base/message/DeviceMessageResultMessage.class], URL [jar:file:/E:/workspace/eclipse/jee/mq-base/target/mq-base-1.0.0-SNAPSHOT.jar!/com/idata/mq/base/message/DeviceOfflineMessage.class], URL [jar:file:/E:/workspace/eclipse/jee/mq-base/target/mq-base-1.0.0-SNAPSHOT.jar!/com/idata/mq/base/message/DeviceOnlineMessage.class], URL [jar:file:/E:/workspace/eclipse/jee/mq-base/target/mq-base-1.0.0-SNAPSHOT.jar!/com/idata/mq/base/message/FailMessage.class], URL [jar:file:/E:/workspace/eclipse/jee/mq-base/target/mq-base-1.0.0-SNAPSHOT.jar!/com/idata/mq/base/message/ServerStatusMessage.class], URL [jar:file:/E:/workspace/eclipse/jee/mq-base/target/mq-base-1.0.0-SNAPSHOT.jar!/com/idata/mq/base/properties/AmqProperties.class], URL [jar:file:/E:/workspace/eclipse/jee/mq-base/target/mq-base-1.0.0-SNAPSHOT.jar!/com/idata/mq/base/properties/ScheduledExecutorProperties.class], URL [jar:file:/E:/workspace/eclipse/jee/mq-base/target/mq-base-1.0.0-SNAPSHOT.jar!/com/idata/mq/base/receiver/CommandMessageReceiver.class], URL [jar:file:/E:/workspace/eclipse/jee/mq-base/target/mq-base-1.0.0-SNAPSHOT.jar!/com/idata/mq/base/receiver/ConfirmMessageReceiver.class], URL [jar:file:/E:/workspace/eclipse/jee/mq-base/target/mq-base-1.0.0-SNAPSHOT.jar!/com/idata/mq/base/receiver/DeviceMessageReceiver.class], URL [jar:file:/E:/workspace/eclipse/jee/mq-base/target/mq-base-1.0.0-SNAPSHOT.jar!/com/idata/mq/base/receiver/DeviceMessageResultMessageReceiver.class], URL [jar:file:/E:/workspace/eclipse/jee/mq-base/target/mq-base-1.0.0-SNAPSHOT.jar!/com/idata/mq/base/receiver/DeviceOfflineMessageReceiver.class], URL [jar:file:/E:/workspace/eclipse/jee/mq-base/target/mq-base-1.0.0-SNAPSHOT.jar!/com/idata/mq/base/receiver/DeviceOnlineMessageReceiver.class], URL [jar:file:/E:/workspace/eclipse/jee/mq-base/target/mq-base-1.0.0-SNAPSHOT.jar!/com/idata/mq/base/receiver/FailMessageReceiver.class], URL [jar:file:/E:/workspace/eclipse/jee/mq-base/target/mq-base-1.0.0-SNAPSHOT.jar!/com/idata/mq/base/receiver/ServerStatusMessageReceiver.class], URL [jar:file:/E:/workspace/eclipse/jee/mq-base/target/mq-base-1.0.0-SNAPSHOT.jar!/com/idata/mq/base/service/AbstractMessageSendService$1.class], URL [jar:file:/E:/workspace/eclipse/jee/mq-base/target/mq-base-1.0.0-SNAPSHOT.jar!/com/idata/mq/base/service/AbstractMessageSendService.class], URL [jar:file:/E:/workspace/eclipse/jee/mq-base/target/mq-base-1.0.0-SNAPSHOT.jar!/com/idata/mq/base/service/FailMessageReceiveService.class], URL [jar:file:/E:/workspace/eclipse/jee/mq-base/target/mq-base-1.0.0-SNAPSHOT.jar!/com/idata/mq/base/service/MessageConfirmCallback.class], URL [jar:file:/E:/workspace/eclipse/jee/mq-base/target/mq-base-1.0.0-SNAPSHOT.jar!/com/idata/mq/base/service/MessageReturnCallback.class], URL [jar:file:/E:/workspace/eclipse/jee/mq-base/target/mq-base-1.0.0-SNAPSHOT.jar!/com/idata/mq/base/service/MessageSendService.class], URL [jar:file:/E:/workspace/eclipse/jee/mq-base/target/mq-base-1.0.0-SNAPSHOT.jar!/com/idata/mq/base/util/FailMessageUtil.class], URL [jar:file:/E:/workspace/eclipse/jee/mq-base/target/mq-base-1.0.0-SNAPSHOT.jar!/com/idata/mq/base/util/RandomGeneratorUtil.class]]
DEBUG | (ClassPathScanningCandidateComponentProvider.java:294) - Identified candidate component class: URL [jar:file:/E:/workspace/eclipse/jee/mq-base/target/mq-base-1.0.0-SNAPSHOT.jar!/com/idata/mq/base/BaseConfigurator.class]
DEBUG | (ClassPathScanningCandidateComponentProvider.java:294) - Identified candidate component class: URL [jar:file:/E:/workspace/eclipse/jee/mq-base/target/mq-base-1.0.0-SNAPSHOT.jar!/com/idata/mq/base/listener/FailMessageListener.class]
DEBUG | (ClassPathScanningCandidateComponentProvider.java:294) - Identified candidate component class: URL [jar:file:/E:/workspace/eclipse/jee/mq-base/target/mq-base-1.0.0-SNAPSHOT.jar!/com/idata/mq/base/listener/ServiceStatusMessageListener.class]
DEBUG | (ClassPathScanningCandidateComponentProvider.java:294) - Identified candidate component class: URL [jar:file:/E:/workspace/eclipse/jee/mq-base/target/mq-base-1.0.0-SNAPSHOT.jar!/com/idata/mq/base/properties/AmqProperties.class]
DEBUG | (ClassPathScanningCandidateComponentProvider.java:294) - Identified candidate component class: URL [jar:file:/E:/workspace/eclipse/jee/mq-base/target/mq-base-1.0.0-SNAPSHOT.jar!/com/idata/mq/base/properties/ScheduledExecutorProperties.class]
DEBUG | (ClassPathScanningCandidateComponentProvider.java:294) - Identified candidate component class: URL [jar:file:/E:/workspace/eclipse/jee/mq-base/target/mq-base-1.0.0-SNAPSHOT.jar!/com/idata/mq/base/service/FailMessageReceiveService.class]
DEBUG | (ClassPathScanningCandidateComponentProvider.java:294) - Identified candidate component class: URL [jar:file:/E:/workspace/eclipse/jee/mq-base/target/mq-base-1.0.0-SNAPSHOT.jar!/com/idata/mq/base/service/MessageConfirmCallback.class]
DEBUG | (ClassPathScanningCandidateComponentProvider.java:294) - Identified candidate component class: URL [jar:file:/E:/workspace/eclipse/jee/mq-base/target/mq-base-1.0.0-SNAPSHOT.jar!/com/idata/mq/base/service/MessageReturnCallback.class]
DEBUG | (DefaultListableBeanFactory.java:835) - Overriding bean definition for bean &apos;conn-direct-exchange&apos; with an equivalent definition: replacing [Generic bean: class [org.springframework.amqp.core.DirectExchange]; scope=; abstract=false; lazyInit=false; autowireMode=0; dependencyCheck=0; autowireCandidate=true; primary=false; factoryBeanName=null; factoryMethodName=null; initMethodName=null; destroyMethodName=null] with [Generic bean: class [org.springframework.amqp.core.DirectExchange]; scope=; abstract=false; lazyInit=false; autowireMode=0; dependencyCheck=0; autowireCandidate=true; primary=false; factoryBeanName=null; factoryMethodName=null; initMethodName=null; destroyMethodName=null]
DEBUG | (DefaultListableBeanFactory.java:835) - Overriding bean definition for bean &apos;mdm-direct-exchange&apos; with an equivalent definition: replacing [Generic bean: class [org.springframework.amqp.core.DirectExchange]; scope=; abstract=false; lazyInit=false; autowireMode=0; dependencyCheck=0; autowireCandidate=true; primary=false; factoryBeanName=null; factoryMethodName=null; initMethodName=null; destroyMethodName=null] with [Generic bean: class [org.springframework.amqp.core.DirectExchange]; scope=; abstract=false; lazyInit=false; autowireMode=0; dependencyCheck=0; autowireCandidate=true; primary=false; factoryBeanName=null; factoryMethodName=null; initMethodName=null; destroyMethodName=null]
DEBUG | (DefaultListableBeanFactory.java:835) - Overriding bean definition for bean &apos;jsonMessageConverter&apos; with an equivalent definition: replacing [Generic bean: class [com.idata.mq.base.FastJsonMessageConverter]; scope=; abstract=false; lazyInit=false; autowireMode=0; dependencyCheck=0; autowireCandidate=true; primary=false; factoryBeanName=null; factoryMethodName=null; initMethodName=null; destroyMethodName=null; defined in URL [jar:file:/E:/workspace/eclipse/jee/mq-base/target/mq-base-1.0.0-SNAPSHOT.jar!/mq-base-spring-context.xml]] with [Generic bean: class [com.idata.mq.base.FastJsonMessageConverter]; scope=; abstract=false; lazyInit=false; autowireMode=0; dependencyCheck=0; autowireCandidate=true; primary=false; factoryBeanName=null; factoryMethodName=null; initMethodName=null; destroyMethodName=null; defined in URL [jar:file:/E:/workspace/eclipse/jee/mq-base/target/mq-base-1.0.0-SNAPSHOT.jar!/mq-base-spring-context.xml]]
DEBUG | (BeanDefinitionParserDelegate.java:481) - Neither XML &apos;id&apos; nor &apos;name&apos; specified - using generated bean name [org.springframework.retry.backoff.ExponentialBackOffPolicy#420a37c7]
INFO  | (DefaultListableBeanFactory.java:828) - Overriding bean definition for bean &apos;retryConnTemplate&apos; with a different definition: replacing [Generic bean: class [org.springframework.retry.support.RetryTemplate]; scope=; abstract=false; lazyInit=false; autowireMode=0; dependencyCheck=0; autowireCandidate=true; primary=false; factoryBeanName=null; factoryMethodName=null; initMethodName=null; destroyMethodName=null; defined in URL [jar:file:/E:/workspace/eclipse/jee/mq-base/target/mq-base-1.0.0-SNAPSHOT.jar!/mq-base-spring-context.xml]] with [Generic bean: class [org.springframework.retry.support.RetryTemplate]; scope=; abstract=false; lazyInit=false; autowireMode=0; dependencyCheck=0; autowireCandidate=true; primary=false; factoryBeanName=null; factoryMethodName=null; initMethodName=null; destroyMethodName=null; defined in URL [jar:file:/E:/workspace/eclipse/jee/mq-base/target/mq-base-1.0.0-SNAPSHOT.jar!/mq-base-spring-context.xml]]
DEBUG | (AbstractBeanDefinitionReader.java:224) - Loaded 23 bean definitions from location pattern [classpath*:mq-base-spring-context.xml]
DEBUG | (DefaultBeanDefinitionDocumentReader.java:229) - Imported 23 bean definitions from URL location [classpath*:mq-base-spring-context.xml]
DEBUG | (PathMatchingResourcePatternResolver.java:318) - Resolved classpath location [com/idata/mq/mdm/listener/] to resources [URL [jar:file:/E:/workspace/eclipse/jee/mq-mdm-server/target/mq-mdm-server-1.0.0-SNAPSHOT.jar!/com/idata/mq/mdm/listener/]]
DEBUG | (PathMatchingResourcePatternResolver.java:612) - Looking for matching resources in jar file [file:/E:/workspace/eclipse/jee/mq-mdm-server/target/mq-mdm-server-1.0.0-SNAPSHOT.jar]
DEBUG | (PathMatchingResourcePatternResolver.java:482) - Resolved location pattern [classpath*:com/idata/mq/mdm/listener/**/*.class] to resources [URL [jar:file:/E:/workspace/eclipse/jee/mq-mdm-server/target/mq-mdm-server-1.0.0-SNAPSHOT.jar!/com/idata/mq/mdm/listener/DeviceMessageResultListener.class], URL [jar:file:/E:/workspace/eclipse/jee/mq-mdm-server/target/mq-mdm-server-1.0.0-SNAPSHOT.jar!/com/idata/mq/mdm/listener/DeviceOfflineMessageListener.class], URL [jar:file:/E:/workspace/eclipse/jee/mq-mdm-server/target/mq-mdm-server-1.0.0-SNAPSHOT.jar!/com/idata/mq/mdm/listener/DeviceOnlineMessageListener.class]]
DEBUG | (ClassPathScanningCandidateComponentProvider.java:294) - Identified candidate component class: URL [jar:file:/E:/workspace/eclipse/jee/mq-mdm-server/target/mq-mdm-server-1.0.0-SNAPSHOT.jar!/com/idata/mq/mdm/listener/DeviceMessageResultListener.class]
DEBUG | (ClassPathScanningCandidateComponentProvider.java:294) - Identified candidate component class: URL [jar:file:/E:/workspace/eclipse/jee/mq-mdm-server/target/mq-mdm-server-1.0.0-SNAPSHOT.jar!/com/idata/mq/mdm/listener/DeviceOfflineMessageListener.class]
DEBUG | (ClassPathScanningCandidateComponentProvider.java:294) - Identified candidate component class: URL [jar:file:/E:/workspace/eclipse/jee/mq-mdm-server/target/mq-mdm-server-1.0.0-SNAPSHOT.jar!/com/idata/mq/mdm/listener/DeviceOnlineMessageListener.class]
DEBUG | (PathMatchingResourcePatternResolver.java:318) - Resolved classpath location [com/idata/mq/mdm/service/] to resources [URL [jar:file:/E:/workspace/eclipse/jee/mq-mdm-server/target/mq-mdm-server-1.0.0-SNAPSHOT.jar!/com/idata/mq/mdm/service/]]
DEBUG | (PathMatchingResourcePatternResolver.java:612) - Looking for matching resources in jar file [file:/E:/workspace/eclipse/jee/mq-mdm-server/target/mq-mdm-server-1.0.0-SNAPSHOT.jar]
DEBUG | (PathMatchingResourcePatternResolver.java:482) - Resolved location pattern [classpath*:com/idata/mq/mdm/service/**/*.class] to resources [URL [jar:file:/E:/workspace/eclipse/jee/mq-mdm-server/target/mq-mdm-server-1.0.0-SNAPSHOT.jar!/com/idata/mq/mdm/service/Mdm2ConnectionMessageSendServce.class], URL [jar:file:/E:/workspace/eclipse/jee/mq-mdm-server/target/mq-mdm-server-1.0.0-SNAPSHOT.jar!/com/idata/mq/mdm/service/Mdm2ConnectionMessageSendServceImpl.class]]
DEBUG | (ClassPathScanningCandidateComponentProvider.java:294) - Identified candidate component class: URL [jar:file:/E:/workspace/eclipse/jee/mq-mdm-server/target/mq-mdm-server-1.0.0-SNAPSHOT.jar!/com/idata/mq/mdm/service/Mdm2ConnectionMessageSendServceImpl.class]
DEBUG | (AbstractBeanDefinitionReader.java:224) - Loaded 33 bean definitions from location pattern [classpath*:mq-mdm-spring-context.xml]
DEBUG | (DefaultBeanDefinitionDocumentReader.java:229) - Imported 33 bean definitions from URL location [classpath*:mq-mdm-spring-context.xml]
DEBUG | (BeanDefinitionParserDelegate.java:451) - No XML &apos;id&apos; specified - using &apos;connectionMessageReceiver&apos; as bean name and [] as aliases
DEBUG | (BeanDefinitionParserDelegate.java:451) - No XML &apos;id&apos; specified - using &apos;mdmMessageReceiver&apos; as bean name and [] as aliases
DEBUG | (BeanDefinitionParserDelegate.java:451) - No XML &apos;id&apos; specified - using &apos;commonMessageReceiver&apos; as bean name and [] as aliases
DEBUG | (AbstractBeanDefinitionReader.java:224) - Loaded 86 bean definitions from location pattern [classpath:mq-connection-test-spring-context.xml]
INFO  | (AbstractApplicationContext.java:583) - Refreshing org.springframework.context.support.GenericApplicationContext@7265d075: startup date [Thu Aug 24 18:04:42 CST 2017]; root of context hierarchy
DEBUG | (AbstractApplicationContext.java:617) - Bean factory for org.springframework.context.support.GenericApplicationContext@7265d075: org.springframework.beans.factory.support.DefaultListableBeanFactory@46f36d10: defining beans [org.springframework.context.annotation.internalConfigurationAnnotationProcessor,org.springframework.context.annotation.internalAutowiredAnnotationProcessor,org.springframework.context.annotation.internalRequiredAnnotationProcessor,org.springframework.context.annotation.internalCommonAnnotationProcessor,org.springframework.context.event.internalEventListenerProcessor,org.springframework.context.event.internalEventListenerFactory,org.springframework.context.support.PropertySourcesPlaceholderConfigurer#0,baseConfigurator,failMessageListener,serviceStatusMessageListener,amqProperties,scheduledExecutorProperties,failMessageReceiveService,messageConfirmCallback,messageReturnCallback,org.springframework.amqp.rabbit.core.RabbitAdmin#0,org.springframework.amqp.core.Queue#0,org.springframework.amqp.core.Queue#1,org.springframework.amqp.core.Queue#2,org.springframework.amqp.core.Queue#3,org.springframework.amqp.core.Queue#4,org.springframework.amqp.core.Queue#5,org.springframework.amqp.core.Queue#6,org.springframework.amqp.core.Queue#7,org.springframework.amqp.core.Queue#8,org.springframework.amqp.core.Queue#9,org.springframework.amqp.core.Queue#10,org.springframework.amqp.rabbit.config.BindingFactoryBean#0,org.springframework.amqp.rabbit.config.BindingFactoryBean#1,org.springframework.amqp.rabbit.config.BindingFactoryBean#2,org.springframework.amqp.rabbit.config.BindingFactoryBean#3,org.springframework.amqp.rabbit.config.BindingFactoryBean#4,org.springframework.amqp.rabbit.config.BindingFactoryBean#5,conn-direct-exchange,org.springframework.amqp.rabbit.config.BindingFactoryBean#6,org.springframework.amqp.rabbit.config.BindingFactoryBean#7,org.springframework.amqp.rabbit.config.BindingFactoryBean#8,org.springframework.amqp.rabbit.config.BindingFactoryBean#9,org.springframework.amqp.rabbit.config.BindingFactoryBean#10,mdm-direct-exchange,jsonMessageConverter,retryConnTemplate,connDirectTemplate,commandMessageListener,deviceMessageListener,messageSendService,org.springframework.amqp.rabbit.listener.SimpleMessageListenerContainer#0,org.springframework.amqp.rabbit.listener.SimpleMessageListenerContainer#1,org.springframework.amqp.rabbit.listener.SimpleMessageListenerContainer#2,org.springframework.amqp.rabbit.listener.SimpleMessageListenerContainer#3,org.springframework.amqp.rabbit.core.RabbitAdmin#1,org.springframework.amqp.core.Queue#11,org.springframework.amqp.core.Queue#12,org.springframework.amqp.core.Queue#13,org.springframework.amqp.core.Queue#14,org.springframework.amqp.core.Queue#15,org.springframework.amqp.core.Queue#16,org.springframework.amqp.core.Queue#17,org.springframework.amqp.core.Queue#18,org.springframework.amqp.core.Queue#19,org.springframework.amqp.core.Queue#20,org.springframework.amqp.core.Queue#21,org.springframework.amqp.rabbit.config.BindingFactoryBean#11,org.springframework.amqp.rabbit.config.BindingFactoryBean#12,org.springframework.amqp.rabbit.config.BindingFactoryBean#13,org.springframework.amqp.rabbit.config.BindingFactoryBean#14,org.springframework.amqp.rabbit.config.BindingFactoryBean#15,org.springframework.amqp.rabbit.config.BindingFactoryBean#16,org.springframework.amqp.rabbit.config.BindingFactoryBean#17,org.springframework.amqp.rabbit.config.BindingFactoryBean#18,org.springframework.amqp.rabbit.config.BindingFactoryBean#19,org.springframework.amqp.rabbit.config.BindingFactoryBean#20,org.springframework.amqp.rabbit.config.BindingFactoryBean#21,mdmDirectTemplate,deviceMessageResultListener,deviceOfflineMessageListener,deviceOnlineMessageListener,connectionMessageSendServce,org.springframework.amqp.rabbit.listener.SimpleMessageListenerContainer#4,org.springframework.amqp.rabbit.listener.SimpleMessageListenerContainer#5,org.springframework.amqp.rabbit.listener.SimpleMessageListenerContainer#6,org.springframework.amqp.rabbit.listener.SimpleMessageListenerContainer#7,org.springframework.amqp.rabbit.listener.SimpleMessageListenerContainer#8,connectionMessageReceiver,mdmMessageReceiver,commonMessageReceiver]; root of factory hierarchy
DEBUG | (DefaultSingletonBeanRegistry.java:221) - Creating shared instance of singleton bean &apos;org.springframework.context.annotation.internalConfigurationAnnotationProcessor&apos;
DEBUG | (AbstractAutowireCapableBeanFactory.java:449) - Creating instance of bean &apos;org.springframework.context.annotation.internalConfigurationAnnotationProcessor&apos;
DEBUG | (AbstractAutowireCapableBeanFactory.java:539) - Eagerly caching bean &apos;org.springframework.context.annotation.internalConfigurationAnnotationProcessor&apos; to allow for resolving potential circular references
DEBUG | (AbstractAutowireCapableBeanFactory.java:485) - Finished creating instance of bean &apos;org.springframework.context.annotation.internalConfigurationAnnotationProcessor&apos;
DEBUG | (ConfigurationClassBeanDefinitionReader.java:257) - Registering bean definition for @Bean method com.idata.mq.base.BaseConfigurator.connectionFactory()
DEBUG | (ConfigurationClassBeanDefinitionReader.java:257) - Registering bean definition for @Bean method com.idata.mq.base.BaseConfigurator.scheduledExecutor()
DEBUG | (ConfigurationClassEnhancer.java:112) - Successfully enhanced com.idata.mq.base.BaseConfigurator; enhanced class name is: com.idata.mq.base.BaseConfigurator$$EnhancerBySpringCGLIB$$d7e04717
DEBUG | (ConfigurationClassPostProcessor.java:396) - Replacing bean definition &apos;baseConfigurator&apos; existing class &apos;com.idata.mq.base.BaseConfigurator&apos; with enhanced class &apos;com.idata.mq.base.BaseConfigurator$$EnhancerBySpringCGLIB$$d7e04717&apos;
DEBUG | (DefaultSingletonBeanRegistry.java:221) - Creating shared instance of singleton bean &apos;org.springframework.context.support.PropertySourcesPlaceholderConfigurer#0&apos;
DEBUG | (AbstractAutowireCapableBeanFactory.java:449) - Creating instance of bean &apos;org.springframework.context.support.PropertySourcesPlaceholderConfigurer#0&apos;
DEBUG | (AbstractAutowireCapableBeanFactory.java:539) - Eagerly caching bean &apos;org.springframework.context.support.PropertySourcesPlaceholderConfigurer#0&apos; to allow for resolving potential circular references
DEBUG | (PathMatchingResourcePatternResolver.java:318) - Resolved classpath location [mq-base.properties] to resources [URL [jar:file:/E:/workspace/eclipse/jee/mq-base/target/mq-base-1.0.0-SNAPSHOT.jar!/mq-base.properties]]
DEBUG | (AbstractAutowireCapableBeanFactory.java:485) - Finished creating instance of bean &apos;org.springframework.context.support.PropertySourcesPlaceholderConfigurer#0&apos;
DEBUG | (MutablePropertySources.java:109) - Adding [environmentProperties] PropertySource with lowest search precedence
DEBUG | (PropertiesLoaderSupport.java:174) - Loading properties file from URL [jar:file:/E:/workspace/eclipse/jee/mq-base/target/mq-base-1.0.0-SNAPSHOT.jar!/mq-base.properties]
DEBUG | (PropertiesLoaderSupport.java:174) - Loading properties file from class path resource [rabbitmq.properties]
DEBUG | (MutablePropertySources.java:109) - Adding [localProperties] PropertySource with lowest search precedence
DEBUG | (PropertySourcesPropertyResolver.java:91) - Could not find key &apos;conn.service.command.queue.name&apos; in any property source
DEBUG | (PropertySourcesPropertyResolver.java:151) - Found key &apos;conn.service.command.queue.name&apos; in [localProperties] with type [String]
DEBUG | (PropertySourcesPropertyResolver.java:91) - Could not find key &apos;conn.service.confirm.queue.name&apos; in any property source
DEBUG | (PropertySourcesPropertyResolver.java:151) - Found key &apos;conn.service.confirm.queue.name&apos; in [localProperties] with type [String]
DEBUG | (PropertySourcesPropertyResolver.java:91) - Could not find key &apos;conn.service.status.queue.name&apos; in any property source
DEBUG | (PropertySourcesPropertyResolver.java:151) - Found key &apos;conn.service.status.queue.name&apos; in [localProperties] with type [String]
DEBUG | (PropertySourcesPropertyResolver.java:91) - Could not find key &apos;conn.service.msg.fail.queue.name&apos; in any property source
DEBUG | (PropertySourcesPropertyResolver.java:151) - Found key &apos;conn.service.msg.fail.queue.name&apos; in [localProperties] with type [String]
DEBUG | (PropertySourcesPropertyResolver.java:91) - Could not find key &apos;mdm.device.offline.queue.name&apos; in any property source
DEBUG | (PropertySourcesPropertyResolver.java:151) - Found key &apos;mdm.device.offline.queue.name&apos; in [localProperties] with type [String]
DEBUG | (PropertySourcesPropertyResolver.java:91) - Could not find key &apos;mdm.device.online.queue.name&apos; in any property source
DEBUG | (PropertySourcesPropertyResolver.java:151) - Found key &apos;mdm.device.online.queue.name&apos; in [localProperties] with type [String]
DEBUG | (PropertySourcesPropertyResolver.java:91) - Could not find key &apos;mdm.device.message.result.queue.name&apos; in any property source
DEBUG | (PropertySourcesPropertyResolver.java:151) - Found key &apos;mdm.device.message.result.queue.name&apos; in [localProperties] with type [String]
DEBUG | (PropertySourcesPropertyResolver.java:91) - Could not find key &apos;conn.device.message.queue.name&apos; in any property source
DEBUG | (PropertySourcesPropertyResolver.java:151) - Found key &apos;conn.device.message.queue.name&apos; in [localProperties] with type [String]
DEBUG | (PropertySourcesPropertyResolver.java:91) - Could not find key &apos;mdm.service.confirm.queue.name&apos; in any property source
DEBUG | (PropertySourcesPropertyResolver.java:151) - Found key &apos;mdm.service.confirm.queue.name&apos; in [localProperties] with type [String]
DEBUG | (PropertySourcesPropertyResolver.java:91) - Could not find key &apos;mdm.service.status.queue.name&apos; in any property source
DEBUG | (PropertySourcesPropertyResolver.java:151) - Found key &apos;mdm.service.status.queue.name&apos; in [localProperties] with type [String]
DEBUG | (PropertySourcesPropertyResolver.java:91) - Could not find key &apos;mdm.service.msg.fail.queue.name&apos; in any property source
DEBUG | (PropertySourcesPropertyResolver.java:151) - Found key &apos;mdm.service.msg.fail.queue.name&apos; in [localProperties] with type [String]
DEBUG | (PropertySourcesPropertyResolver.java:91) - Could not find key &apos;mdm.device.online.queue.name&apos; in any property source
DEBUG | (PropertySourcesPropertyResolver.java:151) - Found key &apos;mdm.device.online.queue.name&apos; in [localProperties] with type [String]
DEBUG | (PropertySourcesPropertyResolver.java:91) - Could not find key &apos;mdm.device.online.routing.key&apos; in any property source
DEBUG | (PropertySourcesPropertyResolver.java:151) - Found key &apos;mdm.device.online.routing.key&apos; in [localProperties] with type [String]
DEBUG | (PropertySourcesPropertyResolver.java:91) - Could not find key &apos;mdm.device.offline.queue.name&apos; in any property source
DEBUG | (PropertySourcesPropertyResolver.java:151) - Found key &apos;mdm.device.offline.queue.name&apos; in [localProperties] with type [String]
DEBUG | (PropertySourcesPropertyResolver.java:91) - Could not find key &apos;mdm.device.offline.routing.key&apos; in any property source
DEBUG | (PropertySourcesPropertyResolver.java:151) - Found key &apos;mdm.device.offline.routing.key&apos; in [localProperties] with type [String]
DEBUG | (PropertySourcesPropertyResolver.java:91) - Could not find key &apos;mdm.service.status.queue.name&apos; in any property source
DEBUG | (PropertySourcesPropertyResolver.java:151) - Found key &apos;mdm.service.status.queue.name&apos; in [localProperties] with type [String]
DEBUG | (PropertySourcesPropertyResolver.java:91) - Could not find key &apos;mdm.service.status.routing.key&apos; in any property source
DEBUG | (PropertySourcesPropertyResolver.java:151) - Found key &apos;mdm.service.status.routing.key&apos; in [localProperties] with type [String]
DEBUG | (PropertySourcesPropertyResolver.java:91) - Could not find key &apos;mdm.device.message.result.queue.name&apos; in any property source
DEBUG | (PropertySourcesPropertyResolver.java:151) - Found key &apos;mdm.device.message.result.queue.name&apos; in [localProperties] with type [String]
DEBUG | (PropertySourcesPropertyResolver.java:91) - Could not find key &apos;mdm.device.message.result.routing.key&apos; in any property source
DEBUG | (PropertySourcesPropertyResolver.java:151) - Found key &apos;mdm.device.message.result.routing.key&apos; in [localProperties] with type [String]
DEBUG | (PropertySourcesPropertyResolver.java:91) - Could not find key &apos;mdm.service.confirm.queue.name&apos; in any property source
DEBUG | (PropertySourcesPropertyResolver.java:151) - Found key &apos;mdm.service.confirm.queue.name&apos; in [localProperties] with type [String]
DEBUG | (PropertySourcesPropertyResolver.java:91) - Could not find key &apos;mdm.service.confirm.routing.key&apos; in any property source
DEBUG | (PropertySourcesPropertyResolver.java:151) - Found key &apos;mdm.service.confirm.routing.key&apos; in [localProperties] with type [String]
DEBUG | (PropertySourcesPropertyResolver.java:91) - Could not find key &apos;mdm.service.msg.fail.queue.name&apos; in any property source
DEBUG | (PropertySourcesPropertyResolver.java:151) - Found key &apos;mdm.service.msg.fail.queue.name&apos; in [localProperties] with type [String]
DEBUG | (PropertySourcesPropertyResolver.java:91) - Could not find key &apos;mdm.service.msg.fail.routing.key&apos; in any property source
DEBUG | (PropertySourcesPropertyResolver.java:151) - Found key &apos;mdm.service.msg.fail.routing.key&apos; in [localProperties] with type [String]
DEBUG | (PropertySourcesPropertyResolver.java:91) - Could not find key &apos;conn.device.message.queue.name&apos; in any property source
DEBUG | (PropertySourcesPropertyResolver.java:151) - Found key &apos;conn.device.message.queue.name&apos; in [localProperties] with type [String]
DEBUG | (PropertySourcesPropertyResolver.java:91) - Could not find key &apos;conn.device.message.routing.key&apos; in any property source
DEBUG | (PropertySourcesPropertyResolver.java:151) - Found key &apos;conn.device.message.routing.key&apos; in [localProperties] with type [String]
DEBUG | (PropertySourcesPropertyResolver.java:91) - Could not find key &apos;conn.service.command.queue.name&apos; in any property source
DEBUG | (PropertySourcesPropertyResolver.java:151) - Found key &apos;conn.service.command.queue.name&apos; in [localProperties] with type [String]
[...]
DEBUG | (AbstractBeanFactory.java:251) - Returning cached instance of singleton bean &apos;scheduledExecutor&apos;
DEBUG | (AutowiredAnnotationBeanPostProcessor.java:535) - Autowiring by type from bean name &apos;deviceMessageListener&apos; to bean named &apos;scheduledExecutor&apos;
DEBUG | (InjectionMetadata.java:86) - Processing injected element of bean &apos;deviceMessageListener&apos;: AutowiredFieldElement for private com.idata.mq.base.receiver.DeviceMessageReceiver com.idata.mq.connection.listener.DeviceMessageListener.messageReceiver
DEBUG | (AbstractBeanFactory.java:251) - Returning cached instance of singleton bean &apos;connectionMessageReceiver&apos;
DEBUG | (AutowiredAnnotationBeanPostProcessor.java:535) - Autowiring by type from bean name &apos;deviceMessageListener&apos; to bean named &apos;connectionMessageReceiver&apos;
DEBUG | (AbstractAutowireCapableBeanFactory.java:485) - Finished creating instance of bean &apos;deviceMessageListener&apos;
DEBUG | (DefaultSingletonBeanRegistry.java:221) - Creating shared instance of singleton bean &apos;messageSendService&apos;
DEBUG | (AbstractAutowireCapableBeanFactory.java:449) - Creating instance of bean &apos;messageSendService&apos;
DEBUG | (AbstractBeanFactory.java:251) - Returning cached instance of singleton bean &apos;amqProperties&apos;
DEBUG | (AbstractBeanFactory.java:251) - Returning cached instance of singleton bean &apos;connDirectTemplate&apos;
WARN  | (AbstractApplicationContext.java:551) - Exception encountered during context initialization - cancelling refresh attempt: org.springframework.beans.factory.UnsatisfiedDependencyException: Error creating bean with name &apos;messageSendService&apos; defined in file [E:\workspace\eclipse\jee\mq-connection-server\target\classes\com\idata\mq\connection\service\Connection2MdmMessageSendServiceImpl.class]: Unsatisfied dependency expressed through constructor parameter 1; nested exception is org.springframework.beans.factory.NoUniqueBeanDefinitionException: No qualifying bean of type &apos;org.springframework.amqp.rabbit.core.RabbitTemplate&apos; available: expected single matching bean but found 2: connDirectTemplate,mdmDirectTemplate
DEBUG | (DefaultSingletonBeanRegistry.java:512) - Destroying singletons in org.springframework.beans.factory.support.DefaultListableBeanFactory@10d6fc05: defining beans [org.springframework.context.annotation.internalConfigurationAnnotationProcessor,org.springframework.context.annotation.internalAutowiredAnnotationProcessor,org.springframework.context.annotation.internalRequiredAnnotationProcessor,org.springframework.context.annotation.internalCommonAnnotationProcessor,org.springframework.context.event.internalEventListenerProcessor,org.springframework.context.event.internalEventListenerFactory,org.springframework.context.support.PropertySourcesPlaceholderConfigurer#0,baseConfigurator,failMessageListener,serviceStatusMessageListener,amqProperties,scheduledExecutorProperties,failMessageReceiveService,messageConfirmCallback,messageReturnCallback,org.springframework.amqp.rabbit.core.RabbitAdmin#0,org.springframework.amqp.core.Queue#0,org.springframework.amqp.core.Queue#1,org.springframework.amqp.core.Queue#2,org.springframework.amqp.core.Queue#3,org.springframework.amqp.core.Queue#4,org.springframework.amqp.core.Queue#5,org.springframework.amqp.core.Queue#6,org.springframework.amqp.core.Queue#7,org.springframework.amqp.core.Queue#8,org.springframework.amqp.core.Queue#9,org.springframework.amqp.core.Queue#10,org.springframework.amqp.rabbit.config.BindingFactoryBean#0,org.springframework.amqp.rabbit.config.BindingFactoryBean#1,org.springframework.amqp.rabbit.config.BindingFactoryBean#2,org.springframework.amqp.rabbit.config.BindingFactoryBean#3,org.springframework.amqp.rabbit.config.BindingFactoryBean#4,org.springframework.amqp.rabbit.config.BindingFactoryBean#5,conn-direct-exchange,org.springframework.amqp.rabbit.config.BindingFactoryBean#6,org.springframework.amqp.rabbit.config.BindingFactoryBean#7,org.springframework.amqp.rabbit.config.BindingFactoryBean#8,org.springframework.amqp.rabbit.config.BindingFactoryBean#9,org.springframework.amqp.rabbit.config.BindingFactoryBean#10,mdm-direct-exchange,jsonMessageConverter,retryConnTemplate,connDirectTemplate,commandMessageListener,deviceMessageListener,messageSendService,org.springframework.amqp.rabbit.listener.SimpleMessageListenerContainer#0,org.springframework.amqp.rabbit.listener.SimpleMessageListenerContainer#1,org.springframework.amqp.rabbit.listener.SimpleMessageListenerContainer#2,org.springframework.amqp.rabbit.listener.SimpleMessageListenerContainer#3,org.springframework.amqp.rabbit.core.RabbitAdmin#1,org.springframework.amqp.core.Queue#11,org.springframework.amqp.core.Queue#12,org.springframework.amqp.core.Queue#13,org.springframework.amqp.core.Queue#14,org.springframework.amqp.core.Queue#15,org.springframework.amqp.core.Queue#16,org.springframework.amqp.core.Queue#17,org.springframework.amqp.core.Queue#18,org.springframework.amqp.core.Queue#19,org.springframework.amqp.core.Queue#20,org.springframework.amqp.core.Queue#21,org.springframework.amqp.rabbit.config.BindingFactoryBean#11,org.springframework.amqp.rabbit.config.BindingFactoryBean#12,org.springframework.amqp.rabbit.config.BindingFactoryBean#13,org.springframework.amqp.rabbit.config.BindingFactoryBean#14,org.springframework.amqp.rabbit.config.BindingFactoryBean#15,org.springframework.amqp.rabbit.config.BindingFactoryBean#16,org.springframework.amqp.rabbit.config.BindingFactoryBean#17,org.springframework.amqp.rabbit.config.BindingFactoryBean#18,org.springframework.amqp.rabbit.config.BindingFactoryBean#19,org.springframework.amqp.rabbit.config.BindingFactoryBean#20,org.springframework.amqp.rabbit.config.BindingFactoryBean#21,mdmDirectTemplate,deviceMessageResultListener,deviceOfflineMessageListener,deviceOnlineMessageListener,connectionMessageSendServce,org.springframework.amqp.rabbit.listener.SimpleMessageListenerContainer#4,org.springframework.amqp.rabbit.listener.SimpleMessageListenerContainer#5,org.springframework.amqp.rabbit.listener.SimpleMessageListenerContainer#6,org.springframework.amqp.rabbit.listener.SimpleMessageListenerContainer#7,org.springframework.amqp.rabbit.listener.SimpleMessageListenerContainer#8,connectionMessageReceiver,mdmMessageReceiver,commonMessageReceiver,connectionFactory,scheduledExecutor]; root of factory hierarchy
DEBUG | (DefaultSingletonBeanRegistry.java:568) - Retrieved dependent beans for bean &apos;connectionFactory&apos;: [org.springframework.amqp.rabbit.core.RabbitAdmin#0, connDirectTemplate]
DEBUG | (DisposableBeanAdapter.java:259) - Invoking destroy() on bean with name &apos;connectionFactory&apos;
DEBUG | (DefaultSingletonBeanRegistry.java:568) - Retrieved dependent beans for bean &apos;scheduledExecutor&apos;: [failMessageListener, serviceStatusMessageListener, commandMessageListener, deviceMessageListener]
DEBUG | (DisposableBeanAdapter.java:337) - Invoking destroy method &apos;shutdown&apos; on bean with name &apos;scheduledExecutor&apos;
ERROR | (TestContextManager.java:234) - Caught exception while allowing TestExecutionListener [org.springframework.test.context.support.DependencyInjectionTestExecutionListener@7bfde16b] to prepare test instance [com.idata.mq.conection.test.Connection2MdmMessageSendServiceTest@78ac5ef4]
java.lang.IllegalStateException: Failed to load ApplicationContext
	at org.springframework.test.context.cache.DefaultCacheAwareContextLoaderDelegate.loadContext(DefaultCacheAwareContextLoaderDelegate.java:124) ~[spring-test-4.3.9.RELEASE.jar:4.3.9.RELEASE]
	at org.springframework.test.context.support.DefaultTestContext.getApplicationContext(DefaultTestContext.java:83) ~[spring-test-4.3.9.RELEASE.jar:4.3.9.RELEASE]
	at org.springframework.test.context.support.DependencyInjectionTestExecutionListener.injectDependencies(DependencyInjectionTestExecutionListener.java:117) ~[spring-test-4.3.9.RELEASE.jar:4.3.9.RELEASE]
	at org.springframework.test.context.support.DependencyInjectionTestExecutionListener.prepareTestInstance(DependencyInjectionTestExecutionListener.java:83) ~[spring-test-4.3.9.RELEASE.jar:4.3.9.RELEASE]
	at org.springframework.test.context.TestContextManager.prepareTestInstance(TestContextManager.java:230) [spring-test-4.3.9.RELEASE.jar:4.3.9.RELEASE]
	at org.springframework.test.context.junit4.SpringJUnit4ClassRunner.createTest(SpringJUnit4ClassRunner.java:228) [spring-test-4.3.9.RELEASE.jar:4.3.9.RELEASE]
	at org.springframework.test.context.junit4.SpringJUnit4ClassRunner$1.runReflectiveCall(SpringJUnit4ClassRunner.java:287) [spring-test-4.3.9.RELEASE.jar:4.3.9.RELEASE]
	at org.junit.internal.runners.model.ReflectiveCallable.run(ReflectiveCallable.java:12) [junit-4.12.jar:4.12]
	at org.springframework.test.context.junit4.SpringJUnit4ClassRunner.methodBlock(SpringJUnit4ClassRunner.java:289) [spring-test-4.3.9.RELEASE.jar:4.3.9.RELEASE]
	at org.springframework.test.context.junit4.SpringJUnit4ClassRunner.runChild(SpringJUnit4ClassRunner.java:247) [spring-test-4.3.9.RELEASE.jar:4.3.9.RELEASE]
	at org.springframework.test.context.junit4.SpringJUnit4ClassRunner.runChild(SpringJUnit4ClassRunner.java:94) [spring-test-4.3.9.RELEASE.jar:4.3.9.RELEASE]
	at org.junit.runners.ParentRunner$3.run(ParentRunner.java:290) [junit-4.12.jar:4.12]
	at org.junit.runners.ParentRunner$1.schedule(ParentRunner.java:71) [junit-4.12.jar:4.12]
	at org.junit.runners.ParentRunner.runChildren(ParentRunner.java:288) [junit-4.12.jar:4.12]
	at org.junit.runners.ParentRunner.access$000(ParentRunner.java:58) [junit-4.12.jar:4.12]
	at org.junit.runners.ParentRunner$2.evaluate(ParentRunner.java:268) [junit-4.12.jar:4.12]
	at org.springframework.test.context.junit4.statements.RunBeforeTestClassCallbacks.evaluate(RunBeforeTestClassCallbacks.java:61) [spring-test-4.3.9.RELEASE.jar:4.3.9.RELEASE]
	at org.springframework.test.context.junit4.statements.RunAfterTestClassCallbacks.evaluate(RunAfterTestClassCallbacks.java:70) [spring-test-4.3.9.RELEASE.jar:4.3.9.RELEASE]
	at org.junit.runners.ParentRunner.run(ParentRunner.java:363) [junit-4.12.jar:4.12]
	at org.springframework.test.context.junit4.SpringJUnit4ClassRunner.run(SpringJUnit4ClassRunner.java:191) [spring-test-4.3.9.RELEASE.jar:4.3.9.RELEASE]
	at org.apache.maven.surefire.junit4.JUnit4Provider.execute(JUnit4Provider.java:252) [surefire-junit4-2.12.4.jar:2.12.4]
	at org.apache.maven.surefire.junit4.JUnit4Provider.executeTestSet(JUnit4Provider.java:141) [surefire-junit4-2.12.4.jar:2.12.4]
	at org.apache.maven.surefire.junit4.JUnit4Provider.invoke(JUnit4Provider.java:112) [surefire-junit4-2.12.4.jar:2.12.4]
	at sun.reflect.NativeMethodAccessorImpl.invoke0(Native Method) ~[?:1.7.0_79]
	at sun.reflect.NativeMethodAccessorImpl.invoke(NativeMethodAccessorImpl.java:57) ~[?:1.7.0_79]
	at sun.reflect.DelegatingMethodAccessorImpl.invoke(DelegatingMethodAccessorImpl.java:43) ~[?:1.7.0_79]
	at java.lang.reflect.Method.invoke(Method.java:606) ~[?:1.7.0_79]
	at org.apache.maven.surefire.util.ReflectionUtils.invokeMethodWithArray(ReflectionUtils.java:189) [surefire-api-2.12.4.jar:2.12.4]
	at org.apache.maven.surefire.booter.ProviderFactory$ProviderProxy.invoke(ProviderFactory.java:165) [surefire-booter-2.12.4.jar:2.12.4]
	at org.apache.maven.surefire.booter.ProviderFactory.invokeProvider(ProviderFactory.java:85) [surefire-booter-2.12.4.jar:2.12.4]
	at org.apache.maven.surefire.booter.ForkedBooter.runSuitesInProcess(ForkedBooter.java:115) [surefire-booter-2.12.4.jar:2.12.4]
	at org.apache.maven.surefire.booter.ForkedBooter.main(ForkedBooter.java:75) [surefire-booter-2.12.4.jar:2.12.4]
Caused by: org.springframework.beans.factory.UnsatisfiedDependencyException: Error creating bean with name &apos;messageSendService&apos; defined in file [E:\workspace\eclipse\jee\mq-connection-server\target\classes\com\idata\mq\connection\service\Connection2MdmMessageSendServiceImpl.class]: Unsatisfied dependency expressed through constructor parameter 1; nested exception is org.springframework.beans.factory.NoUniqueBeanDefinitionException: No qualifying bean of type &apos;org.springframework.amqp.rabbit.core.RabbitTemplate&apos; available: expected single matching bean but found 2: connDirectTemplate,mdmDirectTemplate
	at org.springframework.beans.factory.support.ConstructorResolver.createArgumentArray(ConstructorResolver.java:749) ~[spring-beans-4.3.9.RELEASE.jar:4.3.9.RELEASE]
	at org.springframework.beans.factory.support.ConstructorResolver.autowireConstructor(ConstructorResolver.java:189) ~[spring-beans-4.3.9.RELEASE.jar:4.3.9.RELEASE]
	at org.springframework.beans.factory.support.AbstractAutowireCapableBeanFactory.autowireConstructor(AbstractAutowireCapableBeanFactory.java:1193) ~[spring-beans-4.3.9.RELEASE.jar:4.3.9.RELEASE]
	at org.springframework.beans.factory.support.AbstractAutowireCapableBeanFactory.createBeanInstance(AbstractAutowireCapableBeanFactory.java:1095) ~[spring-beans-4.3.9.RELEASE.jar:4.3.9.RELEASE]
	at org.springframework.beans.factory.support.AbstractAutowireCapableBeanFactory.doCreateBean(AbstractAutowireCapableBeanFactory.java:513) ~[spring-beans-4.3.9.RELEASE.jar:4.3.9.RELEASE]
	at org.springframework.beans.factory.support.AbstractAutowireCapableBeanFactory.createBean(AbstractAutowireCapableBeanFactory.java:483) ~[spring-beans-4.3.9.RELEASE.jar:4.3.9.RELEASE]
	at org.springframework.beans.factory.support.AbstractBeanFactory$1.getObject(AbstractBeanFactory.java:306) ~[spring-beans-4.3.9.RELEASE.jar:4.3.9.RELEASE]
	at org.springframework.beans.factory.support.DefaultSingletonBeanRegistry.getSingleton(DefaultSingletonBeanRegistry.java:230) ~[spring-beans-4.3.9.RELEASE.jar:4.3.9.RELEASE]
	at org.springframework.beans.factory.support.AbstractBeanFactory.doGetBean(AbstractBeanFactory.java:302) ~[spring-beans-4.3.9.RELEASE.jar:4.3.9.RELEASE]
	at org.springframework.beans.factory.support.AbstractBeanFactory.getBean(AbstractBeanFactory.java:197) ~[spring-beans-4.3.9.RELEASE.jar:4.3.9.RELEASE]
	at org.springframework.beans.factory.support.DefaultListableBeanFactory.preInstantiateSingletons(DefaultListableBeanFactory.java:761) ~[spring-beans-4.3.9.RELEASE.jar:4.3.9.RELEASE]
	at org.springframework.context.support.AbstractApplicationContext.finishBeanFactoryInitialization(AbstractApplicationContext.java:867) ~[spring-context-4.3.9.RELEASE.jar:4.3.9.RELEASE]
	at org.springframework.context.support.AbstractApplicationContext.refresh(AbstractApplicationContext.java:543) ~[spring-context-4.3.9.RELEASE.jar:4.3.9.RELEASE]
	at org.springframework.test.context.support.AbstractGenericContextLoader.loadContext(AbstractGenericContextLoader.java:128) ~[spring-test-4.3.9.RELEASE.jar:4.3.9.RELEASE]
	at org.springframework.test.context.support.AbstractGenericContextLoader.loadContext(AbstractGenericContextLoader.java:60) ~[spring-test-4.3.9.RELEASE.jar:4.3.9.RELEASE]
	at org.springframework.test.context.support.AbstractDelegatingSmartContextLoader.delegateLoading(AbstractDelegatingSmartContextLoader.java:108) ~[spring-test-4.3.9.RELEASE.jar:4.3.9.RELEASE]
	at org.springframework.test.context.support.AbstractDelegatingSmartContextLoader.loadContext(AbstractDelegatingSmartContextLoader.java:251) ~[spring-test-4.3.9.RELEASE.jar:4.3.9.RELEASE]
	at org.springframework.test.context.cache.DefaultCacheAwareContextLoaderDelegate.loadContextInternal(DefaultCacheAwareContextLoaderDelegate.java:98) ~[spring-test-4.3.9.RELEASE.jar:4.3.9.RELEASE]
	at org.springframework.test.context.cache.DefaultCacheAwareContextLoaderDelegate.loadContext(DefaultCacheAwareContextLoaderDelegate.java:116) ~[spring-test-4.3.9.RELEASE.jar:4.3.9.RELEASE]
	... 31 more
Caused by: org.springframework.beans.factory.NoUniqueBeanDefinitionException: No qualifying bean of type &apos;org.springframework.amqp.rabbit.core.RabbitTemplate&apos; available: expected single matching bean but found 2: connDirectTemplate,mdmDirectTemplate
	at org.springframework.beans.factory.config.DependencyDescriptor.resolveNotUnique(DependencyDescriptor.java:173) ~[spring-beans-4.3.9.RELEASE.jar:4.3.9.RELEASE]
	at org.springframework.beans.factory.support.DefaultListableBeanFactory.doResolveDependency(DefaultListableBeanFactory.java:1116) ~[spring-beans-4.3.9.RELEASE.jar:4.3.9.RELEASE]
	at org.springframework.beans.factory.support.DefaultListableBeanFactory.resolveDependency(DefaultListableBeanFactory.java:1066) ~[spring-beans-4.3.9.RELEASE.jar:4.3.9.RELEASE]
	at org.springframework.beans.factory.support.ConstructorResolver.resolveAutowiredArgument(ConstructorResolver.java:835) ~[spring-beans-4.3.9.RELEASE.jar:4.3.9.RELEASE]
	at org.springframework.beans.factory.support.ConstructorResolver.createArgumentArray(ConstructorResolver.java:741) ~[spring-beans-4.3.9.RELEASE.jar:4.3.9.RELEASE]
	at org.springframework.beans.factory.support.ConstructorResolver.autowireConstructor(ConstructorResolver.java:189) ~[spring-beans-4.3.9.RELEASE.jar:4.3.9.RELEASE]
	at org.springframework.beans.factory.support.AbstractAutowireCapableBeanFactory.autowireConstructor(AbstractAutowireCapableBeanFactory.java:1193) ~[spring-beans-4.3.9.RELEASE.jar:4.3.9.RELEASE]
	at org.springframework.beans.factory.support.AbstractAutowireCapableBeanFactory.createBeanInstance(AbstractAutowireCapableBeanFactory.java:1095) ~[spring-beans-4.3.9.RELEASE.jar:4.3.9.RELEASE]
	at org.springframework.beans.factory.support.AbstractAutowireCapableBeanFactory.doCreateBean(AbstractAutowireCapableBeanFactory.java:513) ~[spring-beans-4.3.9.RELEASE.jar:4.3.9.RELEASE]
	at org.springframework.beans.factory.support.AbstractAutowireCapableBeanFactory.createBean(AbstractAutowireCapableBeanFactory.java:483) ~[spring-beans-4.3.9.RELEASE.jar:4.3.9.RELEASE]
	at org.springframework.beans.factory.support.AbstractBeanFactory$1.getObject(AbstractBeanFactory.java:306) ~[spring-beans-4.3.9.RELEASE.jar:4.3.9.RELEASE]
	at org.springframework.beans.factory.support.DefaultSingletonBeanRegistry.getSingleton(DefaultSingletonBeanRegistry.java:230) ~[spring-beans-4.3.9.RELEASE.jar:4.3.9.RELEASE]
	at org.springframework.beans.factory.support.AbstractBeanFactory.doGetBean(AbstractBeanFactory.java:302) ~[spring-beans-4.3.9.RELEASE.jar:4.3.9.RELEASE]
	at org.springframework.beans.factory.support.AbstractBeanFactory.getBean(AbstractBeanFactory.java:197) ~[spring-beans-4.3.9.RELEASE.jar:4.3.9.RELEASE]
	at org.springframework.beans.factory.support.DefaultListableBeanFactory.preInstantiateSingletons(DefaultListableBeanFactory.java:761) ~[spring-beans-4.3.9.RELEASE.jar:4.3.9.RELEASE]
	at org.springframework.context.support.AbstractApplicationContext.finishBeanFactoryInitialization(AbstractApplicationContext.java:867) ~[spring-context-4.3.9.RELEASE.jar:4.3.9.RELEASE]
	at org.springframework.context.support.AbstractApplicationContext.refresh(AbstractApplicationContext.java:543) ~[spring-context-4.3.9.RELEASE.jar:4.3.9.RELEASE]
	at org.springframework.test.context.support.AbstractGenericContextLoader.loadContext(AbstractGenericContextLoader.java:128) ~[spring-test-4.3.9.RELEASE.jar:4.3.9.RELEASE]
	at org.springframework.test.context.support.AbstractGenericContextLoader.loadContext(AbstractGenericContextLoader.java:60) ~[spring-test-4.3.9.RELEASE.jar:4.3.9.RELEASE]
	at org.springframework.test.context.support.AbstractDelegatingSmartContextLoader.delegateLoading(AbstractDelegatingSmartContextLoader.java:108) ~[spring-test-4.3.9.RELEASE.jar:4.3.9.RELEASE]
	at org.springframework.test.context.support.AbstractDelegatingSmartContextLoader.loadContext(AbstractDelegatingSmartContextLoader.java:251) ~[spring-test-4.3.9.RELEASE.jar:4.3.9.RELEASE]
	at org.springframework.test.context.cache.DefaultCacheAwareContextLoaderDelegate.loadContextInternal(DefaultCacheAwareContextLoaderDelegate.java:98) ~[spring-test-4.3.9.RELEASE.jar:4.3.9.RELEASE]
	at org.springframework.test.context.cache.DefaultCacheAwareContextLoaderDelegate.loadContext(DefaultCacheAwareContextLoaderDelegate.java:116) ~[spring-test-4.3.9.RELEASE.jar:4.3.9.RELEASE]
	... 31 more
</system-out>
  </testcase>
</testsuite>