<?xml version="1.0" encoding="UTF-8" ?>
<testsuite tests="5" failures="0" name="com.idata.mq.conection.test.Connection2MdmMessageSendServiceTest" time="21.482" errors="0" skipped="0">
  <properties>
[...]
</properties>
  <testcase classname="com.idata.mq.conection.test.Connection2MdmMessageSendServiceTest" name="testSendAliveMessage" time="3.606"/>
  <testcase classname="com.idata.mq.conection.test.Connection2MdmMessageSendServiceTest" name="testSendDeviceMessageResultMessage" time="4.956"/>
  <testcase classname="com.idata.mq.conection.test.Connection2MdmMessageSendServiceTest" name="testSendDeviceOnlineMessage" time="4.969"/>
  <testcase classname="com.idata.mq.conection.test.Connection2MdmMessageSendServiceTest" name="testSendDeviceOfflineMessage" time="4.976"/>
  <testcase classname="com.idata.mq.conection.test.Connection2MdmMessageSendServiceTest" name="testSendFailMessage" time="2.975"/>
</testsuite>